<?xml version="1.0" encoding="utf-8"?>
<CoverageSession xmlns:xsd="http://www.w3.org/2001/XMLSchema" xmlns:xsi="http://www.w3.org/2001/XMLSchema-instance">
  <Summary numSequencePoints="1326" visitedSequencePoints="44" numBranchPoints="458" visitedBranchPoints="20" sequenceCoverage="3.32" branchCoverage="4.37" maxCyclomaticComplexity="26" minCyclomaticComplexity="1" visitedClasses="2" numClasses="49" visitedMethods="4" numMethods="203" />
  <Modules>
    <Module skippedDueTo="Filter" hash="AA-60-8C-0E-1D-15-0E-43-FE-55-44-DD-A1-3C-72-9A-D1-86-B2-75">
      <ModulePath>C:\WINDOWS\Microsoft.Net\assembly\GAC_64\mscorlib\v4.0_4.0.0.0__b77a5c561934e089\mscorlib.dll</ModulePath>
      <ModuleTime>2018-06-10T08:07:03.0738639Z</ModuleTime>
      <ModuleName>mscorlib</ModuleName>
      <Classes />
    </Module>
    <Module skippedDueTo="Filter" hash="BD-4F-61-9A-7F-15-84-F5-11-E8-F5-FD-4D-9B-33-27-72-57-EF-FD">
      <ModulePath>C:\ProgramData\chocolatey\bin\xunit.console.x86.exe</ModulePath>
      <ModuleTime>2018-06-27T16:02:25.7684049Z</ModuleTime>
      <ModuleName>xunit.console.x86</ModuleName>
      <Classes />
    </Module>
    <Module skippedDueTo="Filter" hash="25-EA-B4-E7-9E-31-63-5C-13-0D-58-D4-F5-C4-37-1D-82-C2-E8-77">
      <ModulePath>C:\WINDOWS\Microsoft.Net\assembly\GAC_MSIL\System\v4.0_4.0.0.0__b77a5c561934e089\System.dll</ModulePath>
      <ModuleTime>2018-04-11T23:35:18.1228576Z</ModuleTime>
      <ModuleName>System</ModuleName>
      <Classes />
    </Module>
    <Module skippedDueTo="Filter" hash="7D-CD-2F-B4-27-C5-3E-01-21-94-CD-BE-80-D4-B6-6D-16-96-8A-74">
      <ModulePath>C:\WINDOWS\Microsoft.Net\assembly\GAC_MSIL\System.Core\v4.0_4.0.0.0__b77a5c561934e089\System.Core.dll</ModulePath>
      <ModuleTime>2018-06-10T08:07:03.0113674Z</ModuleTime>
      <ModuleName>System.Core</ModuleName>
      <Classes />
    </Module>
    <Module skippedDueTo="Filter" hash="2F-A8-E9-94-93-DA-38-07-12-56-A6-2F-A5-7D-5C-59-8B-37-B5-3C">
      <ModulePath>C:\WINDOWS\Microsoft.Net\assembly\GAC_32\mscorlib\v4.0_4.0.0.0__b77a5c561934e089\mscorlib.dll</ModulePath>
      <ModuleTime>2018-06-10T08:07:03.0738639Z</ModuleTime>
      <ModuleName>mscorlib</ModuleName>
      <Classes />
    </Module>
    <Module skippedDueTo="Filter" hash="22-08-2D-6F-91-93-4F-1E-79-9F-AB-B3-63-3D-0C-5D-0A-C8-2C-0D">
      <ModulePath>C:\ProgramData\chocolatey\lib\XUnit\tools\xunit.console.x86.exe</ModulePath>
      <ModuleTime>2018-06-27T16:02:24.259097Z</ModuleTime>
      <ModuleName>xunit.console.x86</ModuleName>
      <Classes />
    </Module>
    <Module skippedDueTo="Filter" hash="C3-D8-3E-87-AB-33-CA-6F-66-61-A7-D7-50-2C-CF-D9-C0-D1-9D-8D">
      <ModulePath>C:\ProgramData\chocolatey\lib\XUnit\tools\xunit.runner.utility.net452.dll</ModulePath>
      <ModuleTime>2018-06-27T16:02:24.3120442Z</ModuleTime>
      <ModuleName>xunit.runner.utility.net452</ModuleName>
      <Classes />
    </Module>
    <Module skippedDueTo="Filter" hash="90-BC-BE-B1-F2-84-BE-8F-78-5C-FB-A6-E3-66-B7-C7-F8-58-AF-D1">
      <ModulePath>C:\ProgramData\chocolatey\lib\XUnit\tools\xunit.abstractions.dll</ModulePath>
      <ModuleTime>2018-06-27T16:02:24.2101238Z</ModuleTime>
      <ModuleName>xunit.abstractions</ModuleName>
      <Classes />
    </Module>
    <Module skippedDueTo="Filter" hash="7D-CD-2F-B4-27-C5-3E-01-21-94-CD-BE-80-D4-B6-6D-16-96-8A-74">
      <ModulePath>C:\WINDOWS\Microsoft.Net\assembly\GAC_MSIL\System.Core\v4.0_4.0.0.0__b77a5c561934e089\System.Core.dll</ModulePath>
      <ModuleTime>2018-06-10T08:07:03.0113674Z</ModuleTime>
      <ModuleName>System.Core</ModuleName>
      <Classes />
    </Module>
    <Module skippedDueTo="Filter" hash="AF-CB-39-96-5C-64-99-49-A5-B6-10-16-01-7E-5D-4D-D6-EC-C7-32">
      <ModulePath>C:\ProgramData\chocolatey\lib\XUnit\tools\xunit.runner.reporters.net452.dll</ModulePath>
      <ModuleTime>2018-06-27T16:02:24.2830827Z</ModuleTime>
      <ModuleName>xunit.runner.reporters.net452</ModuleName>
      <Classes />
    </Module>
    <Module skippedDueTo="Filter" hash="19-6F-A5-C6-C2-4E-32-27-A2-D0-61-D8-30-02-1D-0F-63-C0-78-46">
      <ModulePath>C:\WINDOWS\Microsoft.Net\assembly\GAC_MSIL\System.Net.Http\v4.0_4.0.0.0__b03f5f7f11d50a3a\System.Net.Http.dll</ModulePath>
      <ModuleTime>2018-04-11T23:35:18.1697369Z</ModuleTime>
      <ModuleName>System.Net.Http</ModuleName>
      <Classes />
    </Module>
    <Module skippedDueTo="Filter" hash="25-EA-B4-E7-9E-31-63-5C-13-0D-58-D4-F5-C4-37-1D-82-C2-E8-77">
      <ModulePath>C:\WINDOWS\Microsoft.Net\assembly\GAC_MSIL\System\v4.0_4.0.0.0__b77a5c561934e089\System.dll</ModulePath>
      <ModuleTime>2018-04-11T23:35:18.1228576Z</ModuleTime>
      <ModuleName>System</ModuleName>
      <Classes />
    </Module>
    <Module skippedDueTo="Filter" hash="5A-A9-4D-F5-BE-6F-9E-88-4E-FB-58-AE-BD-FB-16-97-23-87-0B-22">
      <ModulePath>C:\WINDOWS\Microsoft.Net\assembly\GAC_32\System.Web\v4.0_4.0.0.0__b03f5f7f11d50a3a\System.Web.dll</ModulePath>
      <ModuleTime>2018-04-11T23:35:23.7014043Z</ModuleTime>
      <ModuleName>System.Web</ModuleName>
      <Classes />
    </Module>
    <Module skippedDueTo="Filter" hash="7B-DF-20-0D-F5-20-41-FD-02-1C-7E-32-45-79-F6-F7-A4-F7-75-1C">
      <ModulePath>C:\WINDOWS\Microsoft.Net\assembly\GAC_MSIL\mscorlib.resources\v4.0_4.0.0.0_fr_b77a5c561934e089\mscorlib.resources.dll</ModulePath>
      <ModuleTime>2018-04-12T16:18:48.5775128Z</ModuleTime>
      <ModuleName>mscorlib.resources</ModuleName>
      <Classes />
    </Module>
    <Module skippedDueTo="Filter" hash="2A-F4-1C-14-5D-7A-74-B3-03-8B-1D-2A-59-DC-B6-BE-1D-C8-EF-54">
      <ModulePath>C:\WINDOWS\Microsoft.Net\assembly\GAC_MSIL\System.Configuration\v4.0_4.0.0.0__b03f5f7f11d50a3a\System.Configuration.dll</ModulePath>
      <ModuleTime>2018-04-11T23:35:16.9508953Z</ModuleTime>
      <ModuleName>System.Configuration</ModuleName>
      <Classes />
    </Module>
    <Module skippedDueTo="Filter" hash="F2-26-5B-FA-55-E9-5B-BC-DD-3A-32-56-2C-38-71-11-1A-8E-6D-32">
      <ModulePath>C:\WINDOWS\Microsoft.Net\assembly\GAC_MSIL\System.Xml\v4.0_4.0.0.0__b77a5c561934e089\System.Xml.dll</ModulePath>
      <ModuleTime>2018-04-11T23:35:17.0290261Z</ModuleTime>
      <ModuleName>System.Xml</ModuleName>
      <Classes />
    </Module>
    <Module skippedDueTo="Filter" hash="EE-87-E3-8B-35-D7-7B-51-75-59-60-AC-9C-42-7D-75-33-40-43-72">
      <ModulePath>C:\WINDOWS\Microsoft.Net\assembly\GAC_MSIL\System.Xml.Linq\v4.0_4.0.0.0__b77a5c561934e089\System.Xml.Linq.dll</ModulePath>
      <ModuleTime>2018-04-11T23:35:18.3885028Z</ModuleTime>
      <ModuleName>System.Xml.Linq</ModuleName>
      <Classes />
    </Module>
    <Module skippedDueTo="Filter" hash="C3-D8-3E-87-AB-33-CA-6F-66-61-A7-D7-50-2C-CF-D9-C0-D1-9D-8D">
      <ModulePath>C:\Users\Salamort\AppData\Local\Temp\5038737b-9aed-4de6-9130-90be655d050e\5038737b-9aed-4de6-9130-90be655d050e\assembly\dl3\3880e664\3a05e03c_300ed401\xunit.runner.utility.net452.dll</ModulePath>
      <ModuleTime>2018-06-29T05:31:31.6028504Z</ModuleTime>
      <ModuleName>xunit.runner.utility.net452</ModuleName>
      <Classes />
    </Module>
    <Module skippedDueTo="Filter" hash="7D-CD-2F-B4-27-C5-3E-01-21-94-CD-BE-80-D4-B6-6D-16-96-8A-74">
      <ModulePath>C:\WINDOWS\Microsoft.Net\assembly\GAC_MSIL\System.Core\v4.0_4.0.0.0__b77a5c561934e089\System.Core.dll</ModulePath>
      <ModuleTime>2018-06-10T08:07:03.0113674Z</ModuleTime>
      <ModuleName>System.Core</ModuleName>
      <Classes />
    </Module>
    <Module skippedDueTo="Filter" hash="25-EA-B4-E7-9E-31-63-5C-13-0D-58-D4-F5-C4-37-1D-82-C2-E8-77">
      <ModulePath>C:\WINDOWS\Microsoft.Net\assembly\GAC_MSIL\System\v4.0_4.0.0.0__b77a5c561934e089\System.dll</ModulePath>
      <ModuleTime>2018-04-11T23:35:18.1228576Z</ModuleTime>
      <ModuleName>System</ModuleName>
      <Classes />
    </Module>
    <Module skippedDueTo="Filter" hash="">
      <ModulePath>RefEmit_InMemoryManifestModule</ModulePath>
      <ModuleTime>0001-01-01T00:00:00</ModuleTime>
      <ModuleName>Anonymously Hosted DynamicMethods Assembly</ModuleName>
      <Classes />
    </Module>
    <Module skippedDueTo="Filter" hash="7A-F7-A9-53-2B-FB-BD-BA-66-09-BB-C8-0D-33-46-6F-75-A3-4F-02">
      <ModulePath>C:\Users\Salamort\Documents\GitHub\J.H-D\JHTests\bin\Debug\JHTests.dll</ModulePath>
      <ModuleTime>2018-06-27T19:45:07.3225404Z</ModuleTime>
      <ModuleName>JHTests</ModuleName>
      <Classes />
    </Module>
    <Module skippedDueTo="Filter" hash="C3-D8-3E-87-AB-33-CA-6F-66-61-A7-D7-50-2C-CF-D9-C0-D1-9D-8D">
      <ModulePath>C:\ProgramData\chocolatey\lib\XUnit\tools\xunit.runner.utility.net452.dll</ModulePath>
      <ModuleTime>2018-06-27T16:02:24.3120442Z</ModuleTime>
      <ModuleName>xunit.runner.utility.net452</ModuleName>
      <Classes />
    </Module>
    <Module skippedDueTo="Filter" hash="EF-17-72-77-1F-92-0F-4F-02-0D-74-5E-35-01-91-94-13-23-D8-EF">
      <ModulePath>C:\Users\Salamort\Documents\GitHub\J.H-D\JHTests\bin\Debug\xunit.execution.desktop.dll</ModulePath>
      <ModuleTime>2018-05-26T17:01:46Z</ModuleTime>
      <ModuleName>xunit.execution.desktop</ModuleName>
      <Classes />
    </Module>
    <Module skippedDueTo="Filter" hash="9E-A9-5D-7F-86-82-4D-02-7D-07-AD-C0-17-06-5D-73-8F-1F-28-44">
      <ModulePath>C:\Users\Salamort\Documents\GitHub\J.H-D\JHTests\bin\Debug\xunit.abstractions.dll</ModulePath>
      <ModuleTime>2016-08-09T06:37:58Z</ModuleTime>
      <ModuleName>xunit.abstractions</ModuleName>
      <Classes />
    </Module>
    <Module skippedDueTo="Filter" hash="25-EA-B4-E7-9E-31-63-5C-13-0D-58-D4-F5-C4-37-1D-82-C2-E8-77">
      <ModulePath>C:\WINDOWS\Microsoft.Net\assembly\GAC_MSIL\System\v4.0_4.0.0.0__b77a5c561934e089\System.dll</ModulePath>
      <ModuleTime>2018-04-11T23:35:18.1228576Z</ModuleTime>
      <ModuleName>System</ModuleName>
      <Classes />
    </Module>
    <Module skippedDueTo="Filter" hash="7A-F7-A9-53-2B-FB-BD-BA-66-09-BB-C8-0D-33-46-6F-75-A3-4F-02">
      <ModulePath>C:\Users\Salamort\Documents\GitHub\J.H-D\JHTests\bin\Debug\JHTests.dll</ModulePath>
      <ModuleTime>2018-06-27T19:45:07.3225404Z</ModuleTime>
      <ModuleName>JHTests</ModuleName>
      <Classes />
    </Module>
    <Module skippedDueTo="Filter" hash="22-08-2D-6F-91-93-4F-1E-79-9F-AB-B3-63-3D-0C-5D-0A-C8-2C-0D">
      <ModulePath>C:\ProgramData\chocolatey\lib\XUnit\tools\xunit.console.x86.exe</ModulePath>
      <ModuleTime>2018-06-27T16:02:24.259097Z</ModuleTime>
      <ModuleName>xunit.console.x86</ModuleName>
      <Classes />
    </Module>
    <Module skippedDueTo="Filter" hash="7D-CD-2F-B4-27-C5-3E-01-21-94-CD-BE-80-D4-B6-6D-16-96-8A-74">
      <ModulePath>C:\WINDOWS\Microsoft.Net\assembly\GAC_MSIL\System.Core\v4.0_4.0.0.0__b77a5c561934e089\System.Core.dll</ModulePath>
      <ModuleTime>2018-06-10T08:07:03.0113674Z</ModuleTime>
      <ModuleName>System.Core</ModuleName>
      <Classes />
    </Module>
    <Module skippedDueTo="Filter" hash="EF-C1-39-33-5B-78-5B-9C-88-D1-A6-6E-8C-84-2D-CF-5A-1E-E6-66">
      <ModulePath>C:\Users\Salamort\Documents\GitHub\J.H-D\JHTests\bin\Debug\xunit.core.dll</ModulePath>
      <ModuleTime>2018-05-26T17:01:38Z</ModuleTime>
      <ModuleName>xunit.core</ModuleName>
      <Classes />
    </Module>
    <Module skippedDueTo="Filter" hash="F1-67-10-FE-CA-06-2B-45-18-C0-DB-E8-DB-07-A4-7E-5B-25-BD-51">
      <ModulePath>C:\WINDOWS\Microsoft.Net\assembly\GAC_MSIL\System.Runtime\v4.0_4.0.0.0__b03f5f7f11d50a3a\System.Runtime.dll</ModulePath>
      <ModuleTime>2018-04-11T23:35:18.1697369Z</ModuleTime>
      <ModuleName>System.Runtime</ModuleName>
      <Classes />
    </Module>
    <Module skippedDueTo="Filter" hash="F4-54-C7-59-FD-61-E7-47-4E-0A-64-35-96-3E-28-5D-B6-8C-21-86">
      <ModulePath>C:\WINDOWS\Microsoft.Net\assembly\GAC_MSIL\System.Threading.Tasks\v4.0_4.0.0.0__b03f5f7f11d50a3a\System.Threading.Tasks.dll</ModulePath>
      <ModuleTime>2018-04-11T23:35:16.8102601Z</ModuleTime>
      <ModuleName>System.Threading.Tasks</ModuleName>
      <Classes />
    </Module>
    <Module skippedDueTo="Filter" hash="26-E0-34-D3-A9-C4-33-7A-2B-12-1B-03-1E-48-23-95-AB-44-04-80">
      <ModulePath>C:\WINDOWS\Microsoft.Net\assembly\GAC_MSIL\System.Collections\v4.0_4.0.0.0__b03f5f7f11d50a3a\System.Collections.dll</ModulePath>
      <ModuleTime>2018-04-11T23:35:19.74798Z</ModuleTime>
      <ModuleName>System.Collections</ModuleName>
      <Classes />
    </Module>
    <Module hash="38-8B-81-74-D2-17-2C-8A-18-2B-2A-07-57-8E-BE-D7-1E-82-9A-33">
      <Summary numSequencePoints="1326" visitedSequencePoints="44" numBranchPoints="458" visitedBranchPoints="20" sequenceCoverage="3.32" branchCoverage="4.37" maxCyclomaticComplexity="26" minCyclomaticComplexity="1" visitedClasses="2" numClasses="49" visitedMethods="4" numMethods="203" />
      <ModulePath>C:\Users\Salamort\Documents\GitHub\J.H-D\JHTests\bin\Debug\J.H-D.exe</ModulePath>
      <ModuleTime>2018-06-27T19:42:04.9107731Z</ModuleTime>
      <ModuleName>J.H-D</ModuleName>
      <Files>
        <File uid="1" fullPath="C:\Users\Salamort\Documents\GitHub\J.H-D\J.H-D\Askers.cs" />
        <File uid="7" fullPath="C:\Users\Salamort\Documents\GitHub\J.H-D\J.H-D\ForumsModule.cs" />
        <File uid="14" fullPath="C:\Users\Salamort\Documents\GitHub\J.H-D\J.H-D\MalModule.cs" />
        <File uid="19" fullPath="C:\Users\Salamort\Documents\GitHub\J.H-D\J.H-D\MovieModule.cs" />
        <File uid="23" fullPath="C:\Users\Salamort\Documents\GitHub\J.H-D\J.H-D\Program.cs" />
        <File uid="27" fullPath="C:\Users\Salamort\Documents\GitHub\J.H-D\J.H-D\Speetch.cs" />
        <File uid="28" fullPath="C:\Users\Salamort\Documents\GitHub\J.H-D\J.H-D\TempModule.cs" />
        <File uid="32" fullPath="C:\Users\Salamort\Documents\GitHub\J.H-D\J.H-D\Unsafe.cs" />
        <File uid="44" fullPath="C:\Users\Salamort\Documents\GitHub\J.H-D\J.H-D\UnsafeClasses.cs" />
      </Files>
      <Classes>
        <Class>
          <Summary numSequencePoints="0" visitedSequencePoints="0" numBranchPoints="0" visitedBranchPoints="0" sequenceCoverage="0" branchCoverage="0" maxCyclomaticComplexity="0" minCyclomaticComplexity="0" visitedClasses="0" numClasses="0" visitedMethods="0" numMethods="0" />
          <FullName>&lt;Module&gt;</FullName>
          <Methods />
        </Class>
        <Class>
          <Summary numSequencePoints="127" visitedSequencePoints="0" numBranchPoints="13" visitedBranchPoints="0" sequenceCoverage="0" branchCoverage="0" maxCyclomaticComplexity="2" minCyclomaticComplexity="1" visitedClasses="0" numClasses="1" visitedMethods="0" numMethods="9" />
          <FullName>J.H_D.Askers</FullName>
          <Methods>
            <Method visited="false" cyclomaticComplexity="2" nPathComplexity="2" sequenceCoverage="0" branchCoverage="0" isConstructor="false" isStatic="false" isGetter="false" isSetter="false">
              <Summary numSequencePoints="31" visitedSequencePoints="0" numBranchPoints="3" visitedBranchPoints="0" sequenceCoverage="0" branchCoverage="0" maxCyclomaticComplexity="2" minCyclomaticComplexity="2" visitedClasses="0" numClasses="0" visitedMethods="0" numMethods="1" />
              <MetadataToken>100663297</MetadataToken>
              <Name>System.String J.H_D.Askers::SendJsonToAPI(System.Net.HttpWebRequest,System.String,System.String)</Name>
              <FileRef uid="1" />
              <SequencePoints>
                <SequencePoint vc="0" uspid="1" ordinal="0" offset="0" sl="22" sc="9" el="22" ec="10" bec="0" bev="0" fileid="1" />
                <SequencePoint vc="0" uspid="2" ordinal="1" offset="1" sl="23" sc="13" el="23" ec="39" bec="0" bev="0" fileid="1" />
                <SequencePoint vc="0" uspid="3" ordinal="2" offset="3" sl="24" sc="13" el="24" ec="32" bec="2" bev="0" fileid="1" />
                <SequencePoint vc="0" uspid="4" ordinal="3" offset="14" sl="25" sc="13" el="25" ec="14" bec="0" bev="0" fileid="1" />
                <SequencePoint vc="0" uspid="5" ordinal="4" offset="15" sl="26" sc="17" el="26" ec="76" bec="0" bev="0" fileid="1" />
                <SequencePoint vc="0" uspid="6" ordinal="5" offset="32" sl="27" sc="17" el="27" ec="50" bec="0" bev="0" fileid="1" />
                <SequencePoint vc="0" uspid="7" ordinal="6" offset="44" sl="28" sc="17" el="28" ec="55" bec="0" bev="0" fileid="1" />
                <SequencePoint vc="0" uspid="8" ordinal="7" offset="56" sl="29" sc="17" el="29" ec="38" bec="0" bev="0" fileid="1" />
                <SequencePoint vc="0" uspid="9" ordinal="8" offset="68" sl="31" sc="17" el="31" ec="62" bec="0" bev="0" fileid="1" />
                <SequencePoint vc="0" uspid="10" ordinal="9" offset="74" sl="32" sc="17" el="32" ec="56" bec="0" bev="0" fileid="1" />
                <SequencePoint vc="0" uspid="11" ordinal="10" offset="83" sl="34" sc="17" el="34" ec="61" bec="0" bev="0" fileid="1" />
                <SequencePoint vc="0" uspid="12" ordinal="11" offset="91" sl="35" sc="17" el="35" ec="58" bec="0" bev="0" fileid="1" />
                <SequencePoint vc="0" uspid="13" ordinal="12" offset="106" sl="36" sc="17" el="36" ec="36" bec="0" bev="0" fileid="1" />
                <SequencePoint vc="0" uspid="14" ordinal="13" offset="114" sl="38" sc="17" el="38" ec="51" bec="0" bev="0" fileid="1" />
                <SequencePoint vc="0" uspid="15" ordinal="14" offset="122" sl="39" sc="17" el="39" ec="59" bec="0" bev="0" fileid="1" />
                <SequencePoint vc="0" uspid="16" ordinal="15" offset="131" sl="40" sc="17" el="40" ec="51" bec="0" bev="0" fileid="1" />
                <SequencePoint vc="0" uspid="17" ordinal="16" offset="140" sl="42" sc="17" el="42" ec="46" bec="0" bev="0" fileid="1" />
                <SequencePoint vc="0" uspid="18" ordinal="17" offset="148" sl="43" sc="13" el="43" ec="14" bec="0" bev="0" fileid="1" />
                <SequencePoint vc="0" uspid="19" ordinal="18" offset="151" sl="45" sc="13" el="45" ec="14" bec="0" bev="0" fileid="1" />
                <SequencePoint vc="0" uspid="20" ordinal="19" offset="152" sl="46" sc="17" el="46" ec="62" bec="0" bev="0" fileid="1" />
                <SequencePoint vc="0" uspid="21" ordinal="20" offset="159" sl="47" sc="17" el="47" ec="56" bec="0" bev="0" fileid="1" />
                <SequencePoint vc="0" uspid="22" ordinal="21" offset="169" sl="49" sc="17" el="49" ec="63" bec="0" bev="0" fileid="1" />
                <SequencePoint vc="0" uspid="23" ordinal="22" offset="177" sl="50" sc="17" el="50" ec="58" bec="0" bev="0" fileid="1" />
                <SequencePoint vc="0" uspid="24" ordinal="23" offset="192" sl="51" sc="17" el="51" ec="36" bec="0" bev="0" fileid="1" />
                <SequencePoint vc="0" uspid="25" ordinal="24" offset="200" sl="53" sc="17" el="53" ec="53" bec="0" bev="0" fileid="1" />
                <SequencePoint vc="0" uspid="26" ordinal="25" offset="208" sl="54" sc="17" el="54" ec="59" bec="0" bev="0" fileid="1" />
                <SequencePoint vc="0" uspid="27" ordinal="26" offset="217" sl="55" sc="17" el="55" ec="51" bec="0" bev="0" fileid="1" />
                <SequencePoint vc="0" uspid="28" ordinal="27" offset="226" sl="57" sc="17" el="57" ec="46" bec="0" bev="0" fileid="1" />
                <SequencePoint vc="0" uspid="29" ordinal="28" offset="234" sl="58" sc="13" el="58" ec="14" bec="0" bev="0" fileid="1" />
                <SequencePoint vc="0" uspid="30" ordinal="29" offset="235" sl="59" sc="13" el="59" ec="34" bec="0" bev="0" fileid="1" />
                <SequencePoint vc="0" uspid="31" ordinal="30" offset="240" sl="60" sc="9" el="60" ec="10" bec="0" bev="0" fileid="1" />
              </SequencePoints>
              <BranchPoints>
                <BranchPoint vc="0" uspid="32" ordinal="0" offset="9" sl="24" path="0" offsetend="14" fileid="1" />
                <BranchPoint vc="0" uspid="33" ordinal="1" offset="9" sl="24" path="1" offsetend="151" fileid="1" />
              </BranchPoints>
              <MethodPoint xsi:type="SequencePoint" vc="0" uspid="1" ordinal="0" offset="0" sl="22" sc="9" el="22" ec="10" bec="0" bev="0" fileid="1" />
            </Method>
            <Method visited="false" cyclomaticComplexity="2" nPathComplexity="0" sequenceCoverage="0" branchCoverage="0" isConstructor="false" isStatic="false" isGetter="false" isSetter="false">
              <Summary numSequencePoints="11" visitedSequencePoints="0" numBranchPoints="1" visitedBranchPoints="0" sequenceCoverage="0" branchCoverage="0" maxCyclomaticComplexity="2" minCyclomaticComplexity="2" visitedClasses="0" numClasses="0" visitedMethods="0" numMethods="1" />
              <MetadataToken>100663298</MetadataToken>
              <Name>System.Threading.Tasks.Task`1&lt;System.String&gt; J.H_D.Askers::AskwithEncodingAsync(System.String,System.Text.Encoding)</Name>
              <FileRef uid="1" />
              <SequencePoints>
                <SequencePoint vc="0" uspid="34" ordinal="0" offset="0" sl="63" sc="9" el="63" ec="10" bec="0" bev="0" fileid="1" />
                <SequencePoint vc="0" uspid="35" ordinal="1" offset="1" sl="65" sc="13" el="65" ec="14" bec="0" bev="0" fileid="1" />
                <SequencePoint vc="0" uspid="36" ordinal="2" offset="2" sl="66" sc="24" el="66" ec="54" bec="0" bev="0" fileid="1" />
                <SequencePoint vc="0" uspid="37" ordinal="3" offset="8" sl="67" sc="17" el="67" ec="18" bec="0" bev="0" fileid="1" />
                <SequencePoint vc="0" uspid="38" ordinal="4" offset="9" sl="68" sc="21" el="68" ec="39" bec="0" bev="0" fileid="1" />
                <SequencePoint vc="0" uspid="39" ordinal="5" offset="17" sl="69" sc="21" el="69" ec="62" bec="0" bev="0" fileid="1" />
                <SequencePoint vc="0" uspid="40" ordinal="6" offset="38" sl="72" sc="13" el="72" ec="35" bec="0" bev="0" fileid="1" />
                <SequencePoint vc="0" uspid="41" ordinal="7" offset="39" sl="73" sc="13" el="73" ec="14" bec="0" bev="0" fileid="1" />
                <SequencePoint vc="0" uspid="42" ordinal="8" offset="40" sl="74" sc="17" el="74" ec="46" bec="0" bev="0" fileid="1" />
                <SequencePoint vc="0" uspid="43" ordinal="9" offset="52" sl="75" sc="17" el="75" ec="31" bec="0" bev="0" fileid="1" />
                <SequencePoint vc="0" uspid="44" ordinal="10" offset="56" sl="77" sc="9" el="77" ec="10" bec="0" bev="0" fileid="1" />
              </SequencePoints>
              <BranchPoints />
              <MethodPoint xsi:type="SequencePoint" vc="0" uspid="34" ordinal="0" offset="0" sl="63" sc="9" el="63" ec="10" bec="0" bev="0" fileid="1" />
            </Method>
            <Method visited="false" cyclomaticComplexity="2" nPathComplexity="0" sequenceCoverage="0" branchCoverage="0" isConstructor="false" isStatic="false" isGetter="false" isSetter="false">
              <Summary numSequencePoints="11" visitedSequencePoints="0" numBranchPoints="1" visitedBranchPoints="0" sequenceCoverage="0" branchCoverage="0" maxCyclomaticComplexity="2" minCyclomaticComplexity="2" visitedClasses="0" numClasses="0" visitedMethods="0" numMethods="1" />
              <MetadataToken>100663299</MetadataToken>
              <Name>System.String J.H_D.Askers::AskwithEncoding(System.String,System.Text.Encoding)</Name>
              <FileRef uid="1" />
              <SequencePoints>
                <SequencePoint vc="0" uspid="45" ordinal="0" offset="0" sl="80" sc="9" el="80" ec="10" bec="0" bev="0" fileid="1" />
                <SequencePoint vc="0" uspid="46" ordinal="1" offset="1" sl="82" sc="13" el="82" ec="14" bec="0" bev="0" fileid="1" />
                <SequencePoint vc="0" uspid="47" ordinal="2" offset="2" sl="83" sc="24" el="83" ec="54" bec="0" bev="0" fileid="1" />
                <SequencePoint vc="0" uspid="48" ordinal="3" offset="8" sl="84" sc="17" el="84" ec="18" bec="0" bev="0" fileid="1" />
                <SequencePoint vc="0" uspid="49" ordinal="4" offset="9" sl="85" sc="21" el="85" ec="39" bec="0" bev="0" fileid="1" />
                <SequencePoint vc="0" uspid="50" ordinal="5" offset="17" sl="86" sc="21" el="86" ec="53" bec="0" bev="0" fileid="1" />
                <SequencePoint vc="0" uspid="51" ordinal="6" offset="38" sl="89" sc="13" el="89" ec="35" bec="0" bev="0" fileid="1" />
                <SequencePoint vc="0" uspid="52" ordinal="7" offset="39" sl="90" sc="13" el="90" ec="14" bec="0" bev="0" fileid="1" />
                <SequencePoint vc="0" uspid="53" ordinal="8" offset="40" sl="91" sc="17" el="91" ec="46" bec="0" bev="0" fileid="1" />
                <SequencePoint vc="0" uspid="54" ordinal="9" offset="52" sl="92" sc="17" el="92" ec="31" bec="0" bev="0" fileid="1" />
                <SequencePoint vc="0" uspid="55" ordinal="10" offset="56" sl="94" sc="9" el="94" ec="10" bec="0" bev="0" fileid="1" />
              </SequencePoints>
              <BranchPoints />
              <MethodPoint xsi:type="SequencePoint" vc="0" uspid="45" ordinal="0" offset="0" sl="80" sc="9" el="80" ec="10" bec="0" bev="0" fileid="1" />
            </Method>
            <Method visited="false" cyclomaticComplexity="1" nPathComplexity="0" sequenceCoverage="0" branchCoverage="0" isConstructor="false" isStatic="false" isGetter="false" isSetter="false">
              <Summary numSequencePoints="0" visitedSequencePoints="0" numBranchPoints="0" visitedBranchPoints="0" sequenceCoverage="0" branchCoverage="0" maxCyclomaticComplexity="1" minCyclomaticComplexity="1" visitedClasses="0" numClasses="0" visitedMethods="0" numMethods="0" />
              <MetadataToken>100663300</MetadataToken>
              <Name>System.Threading.Tasks.Task`1&lt;System.String&gt; J.H_D.Askers::SimpleAskAsync(System.String)</Name>
              <SequencePoints />
              <BranchPoints />
              <MethodPoint vc="0" uspid="56" ordinal="0" offset="0" />
            </Method>
            <Method visited="false" cyclomaticComplexity="2" nPathComplexity="0" sequenceCoverage="0" branchCoverage="0" isConstructor="false" isStatic="false" isGetter="false" isSetter="false">
              <Summary numSequencePoints="11" visitedSequencePoints="0" numBranchPoints="1" visitedBranchPoints="0" sequenceCoverage="0" branchCoverage="0" maxCyclomaticComplexity="2" minCyclomaticComplexity="2" visitedClasses="0" numClasses="0" visitedMethods="0" numMethods="1" />
              <MetadataToken>100663301</MetadataToken>
              <Name>System.String J.H_D.Askers::SimpleAsk(System.String)</Name>
              <FileRef uid="1" />
              <SequencePoints>
                <SequencePoint vc="0" uspid="57" ordinal="0" offset="0" sl="114" sc="9" el="114" ec="10" bec="0" bev="0" fileid="1" />
                <SequencePoint vc="0" uspid="58" ordinal="1" offset="1" sl="116" sc="13" el="116" ec="14" bec="0" bev="0" fileid="1" />
                <SequencePoint vc="0" uspid="59" ordinal="2" offset="2" sl="117" sc="24" el="117" ec="54" bec="0" bev="0" fileid="1" />
                <SequencePoint vc="0" uspid="60" ordinal="3" offset="8" sl="118" sc="17" el="118" ec="18" bec="0" bev="0" fileid="1" />
                <SequencePoint vc="0" uspid="61" ordinal="4" offset="9" sl="119" sc="21" el="119" ec="49" bec="0" bev="0" fileid="1" />
                <SequencePoint vc="0" uspid="62" ordinal="5" offset="21" sl="120" sc="21" el="120" ec="53" bec="0" bev="0" fileid="1" />
                <SequencePoint vc="0" uspid="63" ordinal="6" offset="42" sl="123" sc="13" el="123" ec="34" bec="0" bev="0" fileid="1" />
                <SequencePoint vc="0" uspid="64" ordinal="7" offset="43" sl="124" sc="13" el="124" ec="14" bec="0" bev="0" fileid="1" />
                <SequencePoint vc="0" uspid="65" ordinal="8" offset="44" sl="125" sc="17" el="125" ec="46" bec="0" bev="0" fileid="1" />
                <SequencePoint vc="0" uspid="66" ordinal="9" offset="56" sl="126" sc="17" el="126" ec="31" bec="0" bev="0" fileid="1" />
                <SequencePoint vc="0" uspid="67" ordinal="10" offset="60" sl="128" sc="9" el="128" ec="10" bec="0" bev="0" fileid="1" />
              </SequencePoints>
              <BranchPoints />
              <MethodPoint xsi:type="SequencePoint" vc="0" uspid="57" ordinal="0" offset="0" sl="114" sc="9" el="114" ec="10" bec="0" bev="0" fileid="1" />
            </Method>
            <Method visited="false" cyclomaticComplexity="1" nPathComplexity="0" sequenceCoverage="0" branchCoverage="0" isConstructor="false" isStatic="false" isGetter="false" isSetter="false">
              <Summary numSequencePoints="0" visitedSequencePoints="0" numBranchPoints="0" visitedBranchPoints="0" sequenceCoverage="0" branchCoverage="0" maxCyclomaticComplexity="1" minCyclomaticComplexity="1" visitedClasses="0" numClasses="0" visitedMethods="0" numMethods="0" />
              <MetadataToken>100663302</MetadataToken>
              <Name>System.Threading.Tasks.Task`1&lt;System.String&gt; J.H_D.Askers::AskWithCredentialsAsync(System.String,System.String,System.String)</Name>
              <SequencePoints />
              <BranchPoints />
              <MethodPoint vc="0" uspid="68" ordinal="0" offset="0" />
            </Method>
            <Method visited="false" cyclomaticComplexity="1" nPathComplexity="0" sequenceCoverage="0" branchCoverage="0" isConstructor="false" isStatic="false" isGetter="false" isSetter="false">
              <Summary numSequencePoints="6" visitedSequencePoints="0" numBranchPoints="1" visitedBranchPoints="0" sequenceCoverage="0" branchCoverage="0" maxCyclomaticComplexity="1" minCyclomaticComplexity="1" visitedClasses="0" numClasses="0" visitedMethods="0" numMethods="1" />
              <MetadataToken>100663303</MetadataToken>
              <Name>System.String J.H_D.Askers::AskwithCredentials(System.String,System.String,System.String)</Name>
              <FileRef uid="1" />
              <SequencePoints>
                <SequencePoint vc="0" uspid="69" ordinal="0" offset="0" sl="143" sc="9" el="143" ec="10" bec="0" bev="0" fileid="1" />
                <SequencePoint vc="0" uspid="70" ordinal="1" offset="1" sl="144" sc="13" el="148" ec="15" bec="0" bev="0" fileid="1" />
                <SequencePoint vc="0" uspid="71" ordinal="2" offset="33" sl="149" sc="13" el="149" ec="46" bec="0" bev="0" fileid="1" />
                <SequencePoint vc="0" uspid="72" ordinal="3" offset="50" sl="150" sc="13" el="150" ec="52" bec="0" bev="0" fileid="1" />
                <SequencePoint vc="0" uspid="73" ordinal="4" offset="58" sl="151" sc="13" el="151" ec="29" bec="0" bev="0" fileid="1" />
                <SequencePoint vc="0" uspid="74" ordinal="5" offset="62" sl="152" sc="9" el="152" ec="10" bec="0" bev="0" fileid="1" />
              </SequencePoints>
              <BranchPoints />
              <MethodPoint xsi:type="SequencePoint" vc="0" uspid="69" ordinal="0" offset="0" sl="143" sc="9" el="143" ec="10" bec="0" bev="0" fileid="1" />
            </Method>
            <Method visited="false" cyclomaticComplexity="1" nPathComplexity="0" sequenceCoverage="0" branchCoverage="0" isConstructor="false" isStatic="false" isGetter="false" isSetter="false">
              <Summary numSequencePoints="0" visitedSequencePoints="0" numBranchPoints="0" visitedBranchPoints="0" sequenceCoverage="0" branchCoverage="0" maxCyclomaticComplexity="1" minCyclomaticComplexity="1" visitedClasses="0" numClasses="0" visitedMethods="0" numMethods="0" />
              <MetadataToken>100663304</MetadataToken>
              <Name>System.Threading.Tasks.Task J.H_D.Askers::DownloadRessourceAsync(System.String,System.String)</Name>
              <SequencePoints />
              <BranchPoints />
              <MethodPoint vc="0" uspid="75" ordinal="0" offset="0" />
            </Method>
            <Method visited="false" cyclomaticComplexity="2" nPathComplexity="0" sequenceCoverage="0" branchCoverage="0" isConstructor="false" isStatic="false" isGetter="false" isSetter="false">
              <Summary numSequencePoints="12" visitedSequencePoints="0" numBranchPoints="1" visitedBranchPoints="0" sequenceCoverage="0" branchCoverage="0" maxCyclomaticComplexity="2" minCyclomaticComplexity="2" visitedClasses="0" numClasses="0" visitedMethods="0" numMethods="1" />
              <MetadataToken>100663305</MetadataToken>
              <Name>System.Void J.H_D.Askers::DownloadRessource(System.String,System.String)</Name>
              <FileRef uid="1" />
              <SequencePoints>
                <SequencePoint vc="0" uspid="76" ordinal="0" offset="0" sl="171" sc="9" el="171" ec="10" bec="0" bev="0" fileid="1" />
                <SequencePoint vc="0" uspid="77" ordinal="1" offset="1" sl="173" sc="13" el="173" ec="14" bec="0" bev="0" fileid="1" />
                <SequencePoint vc="0" uspid="78" ordinal="2" offset="2" sl="174" sc="24" el="174" ec="54" bec="0" bev="0" fileid="1" />
                <SequencePoint vc="0" uspid="79" ordinal="3" offset="8" sl="175" sc="17" el="175" ec="18" bec="0" bev="0" fileid="1" />
                <SequencePoint vc="0" uspid="80" ordinal="4" offset="9" sl="176" sc="21" el="176" ec="48" bec="0" bev="0" fileid="1" />
                <SequencePoint vc="0" uspid="81" ordinal="5" offset="18" sl="177" sc="17" el="177" ec="18" bec="0" bev="0" fileid="1" />
                <SequencePoint vc="0" uspid="82" ordinal="6" offset="32" sl="178" sc="13" el="178" ec="14" bec="0" bev="0" fileid="1" />
                <SequencePoint vc="0" uspid="83" ordinal="7" offset="35" sl="179" sc="13" el="179" ec="31" bec="0" bev="0" fileid="1" />
                <SequencePoint vc="0" uspid="84" ordinal="8" offset="36" sl="180" sc="13" el="180" ec="14" bec="0" bev="0" fileid="1" />
                <SequencePoint vc="0" uspid="85" ordinal="9" offset="37" sl="181" sc="17" el="181" ec="46" bec="0" bev="0" fileid="1" />
                <SequencePoint vc="0" uspid="86" ordinal="10" offset="49" sl="182" sc="17" el="182" ec="24" bec="0" bev="0" fileid="1" />
                <SequencePoint vc="0" uspid="87" ordinal="11" offset="51" sl="184" sc="9" el="184" ec="10" bec="0" bev="0" fileid="1" />
              </SequencePoints>
              <BranchPoints />
              <MethodPoint xsi:type="SequencePoint" vc="0" uspid="76" ordinal="0" offset="0" sl="171" sc="9" el="171" ec="10" bec="0" bev="0" fileid="1" />
            </Method>
            <Method visited="false" cyclomaticComplexity="1" nPathComplexity="0" sequenceCoverage="0" branchCoverage="0" isConstructor="false" isStatic="false" isGetter="false" isSetter="false">
              <Summary numSequencePoints="0" visitedSequencePoints="0" numBranchPoints="0" visitedBranchPoints="0" sequenceCoverage="0" branchCoverage="0" maxCyclomaticComplexity="1" minCyclomaticComplexity="1" visitedClasses="0" numClasses="0" visitedMethods="0" numMethods="0" />
              <MetadataToken>100663306</MetadataToken>
              <Name>System.Threading.Tasks.Task`1&lt;System.String&gt; J.H_D.Askers::AskRequestAsync(System.String)</Name>
              <SequencePoints />
              <BranchPoints />
              <MethodPoint vc="0" uspid="88" ordinal="0" offset="0" />
            </Method>
            <Method visited="false" cyclomaticComplexity="1" nPathComplexity="0" sequenceCoverage="0" branchCoverage="0" isConstructor="false" isStatic="false" isGetter="false" isSetter="false">
              <Summary numSequencePoints="18" visitedSequencePoints="0" numBranchPoints="1" visitedBranchPoints="0" sequenceCoverage="0" branchCoverage="0" maxCyclomaticComplexity="1" minCyclomaticComplexity="1" visitedClasses="0" numClasses="0" visitedMethods="0" numMethods="1" />
              <MetadataToken>100663307</MetadataToken>
              <Name>System.String J.H_D.Askers::AskRequest(System.String)</Name>
              <FileRef uid="1" />
              <SequencePoints>
                <SequencePoint vc="0" uspid="89" ordinal="0" offset="0" sl="214" sc="9" el="214" ec="10" bec="0" bev="0" fileid="1" />
                <SequencePoint vc="0" uspid="90" ordinal="1" offset="1" sl="216" sc="13" el="216" ec="14" bec="0" bev="0" fileid="1" />
                <SequencePoint vc="0" uspid="91" ordinal="2" offset="2" sl="217" sc="17" el="217" ec="43" bec="0" bev="0" fileid="1" />
                <SequencePoint vc="0" uspid="92" ordinal="3" offset="4" sl="219" sc="17" el="219" ec="76" bec="0" bev="0" fileid="1" />
                <SequencePoint vc="0" uspid="93" ordinal="4" offset="21" sl="220" sc="17" el="220" ec="50" bec="0" bev="0" fileid="1" />
                <SequencePoint vc="0" uspid="94" ordinal="5" offset="33" sl="221" sc="17" el="221" ec="38" bec="0" bev="0" fileid="1" />
                <SequencePoint vc="0" uspid="95" ordinal="6" offset="45" sl="223" sc="17" el="223" ec="61" bec="0" bev="0" fileid="1" />
                <SequencePoint vc="0" uspid="96" ordinal="7" offset="52" sl="224" sc="17" el="224" ec="36" bec="0" bev="0" fileid="1" />
                <SequencePoint vc="0" uspid="97" ordinal="8" offset="59" sl="226" sc="17" el="226" ec="51" bec="0" bev="0" fileid="1" />
                <SequencePoint vc="0" uspid="98" ordinal="9" offset="66" sl="227" sc="17" el="227" ec="59" bec="0" bev="0" fileid="1" />
                <SequencePoint vc="0" uspid="99" ordinal="10" offset="74" sl="228" sc="17" el="228" ec="51" bec="0" bev="0" fileid="1" />
                <SequencePoint vc="0" uspid="100" ordinal="11" offset="83" sl="230" sc="17" el="230" ec="46" bec="0" bev="0" fileid="1" />
                <SequencePoint vc="0" uspid="101" ordinal="12" offset="91" sl="231" sc="17" el="231" ec="38" bec="0" bev="0" fileid="1" />
                <SequencePoint vc="0" uspid="102" ordinal="13" offset="96" sl="233" sc="13" el="233" ec="35" bec="0" bev="0" fileid="1" />
                <SequencePoint vc="0" uspid="103" ordinal="14" offset="98" sl="234" sc="13" el="234" ec="14" bec="0" bev="0" fileid="1" />
                <SequencePoint vc="0" uspid="104" ordinal="15" offset="99" sl="235" sc="17" el="235" ec="46" bec="0" bev="0" fileid="1" />
                <SequencePoint vc="0" uspid="105" ordinal="16" offset="112" sl="236" sc="17" el="236" ec="31" bec="0" bev="0" fileid="1" />
                <SequencePoint vc="0" uspid="106" ordinal="17" offset="117" sl="238" sc="9" el="238" ec="10" bec="0" bev="0" fileid="1" />
              </SequencePoints>
              <BranchPoints />
              <MethodPoint xsi:type="SequencePoint" vc="0" uspid="89" ordinal="0" offset="0" sl="214" sc="9" el="214" ec="10" bec="0" bev="0" fileid="1" />
            </Method>
            <Method visited="false" cyclomaticComplexity="1" nPathComplexity="0" sequenceCoverage="0" branchCoverage="0" isConstructor="false" isStatic="false" isGetter="false" isSetter="false">
              <Summary numSequencePoints="0" visitedSequencePoints="0" numBranchPoints="0" visitedBranchPoints="0" sequenceCoverage="0" branchCoverage="0" maxCyclomaticComplexity="1" minCyclomaticComplexity="1" visitedClasses="0" numClasses="0" visitedMethods="0" numMethods="0" />
              <MetadataToken>100663308</MetadataToken>
              <Name>System.Threading.Tasks.Task J.H_D.Askers::DownloadRessource_fromstreamAsync(System.String,System.String)</Name>
              <SequencePoints />
              <BranchPoints />
              <MethodPoint vc="0" uspid="107" ordinal="0" offset="0" />
            </Method>
            <Method visited="false" cyclomaticComplexity="1" nPathComplexity="0" sequenceCoverage="0" branchCoverage="0" isConstructor="false" isStatic="false" isGetter="false" isSetter="false">
              <Summary numSequencePoints="18" visitedSequencePoints="0" numBranchPoints="1" visitedBranchPoints="0" sequenceCoverage="0" branchCoverage="0" maxCyclomaticComplexity="1" minCyclomaticComplexity="1" visitedClasses="0" numClasses="0" visitedMethods="0" numMethods="1" />
              <MetadataToken>100663309</MetadataToken>
              <Name>System.Void J.H_D.Askers::DownloadRessource_fromstream(System.String,System.String)</Name>
              <FileRef uid="1" />
              <SequencePoints>
                <SequencePoint vc="0" uspid="108" ordinal="0" offset="0" sl="264" sc="9" el="264" ec="10" bec="0" bev="0" fileid="1" />
                <SequencePoint vc="0" uspid="109" ordinal="1" offset="1" sl="265" sc="13" el="265" ec="36" bec="0" bev="0" fileid="1" />
                <SequencePoint vc="0" uspid="110" ordinal="2" offset="8" sl="267" sc="13" el="267" ec="14" bec="0" bev="0" fileid="1" />
                <SequencePoint vc="0" uspid="111" ordinal="3" offset="9" sl="268" sc="17" el="268" ec="76" bec="0" bev="0" fileid="1" />
                <SequencePoint vc="0" uspid="112" ordinal="4" offset="26" sl="269" sc="17" el="269" ec="51" bec="0" bev="0" fileid="1" />
                <SequencePoint vc="0" uspid="113" ordinal="5" offset="33" sl="270" sc="17" el="270" ec="59" bec="0" bev="0" fileid="1" />
                <SequencePoint vc="0" uspid="114" ordinal="6" offset="40" sl="271" sc="17" el="271" ec="51" bec="0" bev="0" fileid="1" />
                <SequencePoint vc="0" uspid="115" ordinal="7" offset="47" sl="273" sc="17" el="273" ec="55" bec="0" bev="0" fileid="1" />
                <SequencePoint vc="0" uspid="116" ordinal="8" offset="54" sl="274" sc="17" el="274" ec="36" bec="0" bev="0" fileid="1" />
                <SequencePoint vc="0" uspid="117" ordinal="9" offset="63" sl="276" sc="17" el="276" ec="50" bec="0" bev="0" fileid="1" />
                <SequencePoint vc="0" uspid="118" ordinal="10" offset="72" sl="277" sc="17" el="277" ec="57" bec="0" bev="0" fileid="1" />
                <SequencePoint vc="0" uspid="119" ordinal="11" offset="81" sl="278" sc="17" el="278" ec="32" bec="0" bev="0" fileid="1" />
                <SequencePoint vc="0" uspid="120" ordinal="12" offset="88" sl="279" sc="13" el="279" ec="14" bec="0" bev="0" fileid="1" />
                <SequencePoint vc="0" uspid="121" ordinal="13" offset="91" sl="280" sc="13" el="280" ec="31" bec="0" bev="0" fileid="1" />
                <SequencePoint vc="0" uspid="122" ordinal="14" offset="93" sl="281" sc="13" el="281" ec="14" bec="0" bev="0" fileid="1" />
                <SequencePoint vc="0" uspid="123" ordinal="15" offset="94" sl="282" sc="17" el="282" ec="46" bec="0" bev="0" fileid="1" />
                <SequencePoint vc="0" uspid="124" ordinal="16" offset="107" sl="283" sc="13" el="283" ec="14" bec="0" bev="0" fileid="1" />
                <SequencePoint vc="0" uspid="125" ordinal="17" offset="110" sl="284" sc="9" el="284" ec="10" bec="0" bev="0" fileid="1" />
              </SequencePoints>
              <BranchPoints />
              <MethodPoint xsi:type="SequencePoint" vc="0" uspid="108" ordinal="0" offset="0" sl="264" sc="9" el="264" ec="10" bec="0" bev="0" fileid="1" />
            </Method>
            <Method visited="false" cyclomaticComplexity="2" nPathComplexity="2" sequenceCoverage="0" branchCoverage="0" isConstructor="false" isStatic="false" isGetter="false" isSetter="false">
              <Summary numSequencePoints="9" visitedSequencePoints="0" numBranchPoints="3" visitedBranchPoints="0" sequenceCoverage="0" branchCoverage="0" maxCyclomaticComplexity="2" minCyclomaticComplexity="2" visitedClasses="0" numClasses="0" visitedMethods="0" numMethods="1" />
              <MetadataToken>100663310</MetadataToken>
              <Name>System.Net.WebClient J.H_D.Askers::init_malCaller(System.Net.WebClient)</Name>
              <FileRef uid="1" />
              <SequencePoints>
                <SequencePoint vc="0" uspid="126" ordinal="0" offset="0" sl="287" sc="9" el="287" ec="10" bec="0" bev="0" fileid="1" />
                <SequencePoint vc="0" uspid="127" ordinal="1" offset="1" sl="288" sc="13" el="288" ec="27" bec="2" bev="0" fileid="1" />
                <SequencePoint vc="0" uspid="128" ordinal="2" offset="9" sl="289" sc="13" el="289" ec="14" bec="0" bev="0" fileid="1" />
                <SequencePoint vc="0" uspid="129" ordinal="3" offset="10" sl="290" sc="17" el="293" ec="19" bec="0" bev="0" fileid="1" />
                <SequencePoint vc="0" uspid="130" ordinal="4" offset="52" sl="294" sc="17" el="294" ec="36" bec="0" bev="0" fileid="1" />
                <SequencePoint vc="0" uspid="131" ordinal="5" offset="56" sl="297" sc="13" el="297" ec="14" bec="0" bev="0" fileid="1" />
                <SequencePoint vc="0" uspid="132" ordinal="6" offset="57" sl="298" sc="17" el="298" ec="157" bec="0" bev="0" fileid="1" />
                <SequencePoint vc="0" uspid="133" ordinal="7" offset="93" sl="299" sc="17" el="299" ec="28" bec="0" bev="0" fileid="1" />
                <SequencePoint vc="0" uspid="134" ordinal="8" offset="97" sl="301" sc="9" el="301" ec="10" bec="0" bev="0" fileid="1" />
              </SequencePoints>
              <BranchPoints>
                <BranchPoint vc="0" uspid="135" ordinal="0" offset="7" sl="288" path="0" offsetend="9" fileid="1" />
                <BranchPoint vc="0" uspid="136" ordinal="1" offset="7" sl="288" path="1" offsetend="56" fileid="1" />
              </BranchPoints>
              <MethodPoint xsi:type="SequencePoint" vc="0" uspid="126" ordinal="0" offset="0" sl="287" sc="9" el="287" ec="10" bec="0" bev="0" fileid="1" />
            </Method>
            <Method visited="false" cyclomaticComplexity="1" nPathComplexity="0" sequenceCoverage="0" branchCoverage="0" isConstructor="true" isStatic="false" isGetter="false" isSetter="false">
              <Summary numSequencePoints="0" visitedSequencePoints="0" numBranchPoints="0" visitedBranchPoints="0" sequenceCoverage="0" branchCoverage="0" maxCyclomaticComplexity="1" minCyclomaticComplexity="1" visitedClasses="0" numClasses="0" visitedMethods="0" numMethods="0" />
              <MetadataToken>100663311</MetadataToken>
              <Name>System.Void J.H_D.Askers::.ctor()</Name>
              <SequencePoints />
              <BranchPoints />
              <MethodPoint vc="0" uspid="137" ordinal="0" offset="0" />
            </Method>
          </Methods>
        </Class>
        <Class>
          <Summary numSequencePoints="10" visitedSequencePoints="0" numBranchPoints="5" visitedBranchPoints="0" sequenceCoverage="0" branchCoverage="0" maxCyclomaticComplexity="7" minCyclomaticComplexity="1" visitedClasses="0" numClasses="1" visitedMethods="0" numMethods="1" />
          <FullName>J.H_D.Askers/&lt;SimpleAskAsync&gt;d__3</FullName>
          <Methods>
            <Method visited="false" cyclomaticComplexity="1" nPathComplexity="0" sequenceCoverage="0" branchCoverage="0" isConstructor="true" isStatic="false" isGetter="false" isSetter="false">
              <Summary numSequencePoints="0" visitedSequencePoints="0" numBranchPoints="0" visitedBranchPoints="0" sequenceCoverage="0" branchCoverage="0" maxCyclomaticComplexity="1" minCyclomaticComplexity="1" visitedClasses="0" numClasses="0" visitedMethods="0" numMethods="0" />
              <MetadataToken>100663370</MetadataToken>
              <Name>System.Void J.H_D.Askers/&lt;SimpleAskAsync&gt;d__3::.ctor()</Name>
              <SequencePoints />
              <BranchPoints />
              <MethodPoint vc="0" uspid="138" ordinal="0" offset="0" />
            </Method>
            <Method visited="false" cyclomaticComplexity="7" nPathComplexity="4" sequenceCoverage="0" branchCoverage="0" isConstructor="false" isStatic="false" isGetter="false" isSetter="false">
              <Summary numSequencePoints="10" visitedSequencePoints="0" numBranchPoints="5" visitedBranchPoints="0" sequenceCoverage="0" branchCoverage="0" maxCyclomaticComplexity="7" minCyclomaticComplexity="7" visitedClasses="0" numClasses="0" visitedMethods="0" numMethods="1" />
              <MetadataToken>100663371</MetadataToken>
              <Name>System.Void J.H_D.Askers/&lt;SimpleAskAsync&gt;d__3::MoveNext()</Name>
              <FileRef uid="1" />
              <SequencePoints>
                <SequencePoint vc="0" uspid="139" ordinal="0" offset="14" sl="97" sc="9" el="97" ec="10" bec="2" bev="0" fileid="1" />
                <SequencePoint vc="0" uspid="140" ordinal="1" offset="23" sl="99" sc="13" el="99" ec="14" bec="0" bev="0" fileid="1" />
                <SequencePoint vc="0" uspid="141" ordinal="2" offset="24" sl="100" sc="24" el="100" ec="54" bec="2" bev="0" fileid="1" />
                <SequencePoint vc="0" uspid="142" ordinal="3" offset="43" sl="101" sc="17" el="101" ec="18" bec="0" bev="0" fileid="1" />
                <SequencePoint vc="0" uspid="143" ordinal="4" offset="44" sl="102" sc="21" el="102" ec="49" bec="0" bev="0" fileid="1" />
                <SequencePoint vc="0" uspid="144" ordinal="5" offset="61" sl="103" sc="21" el="103" ec="68" bec="0" bev="0" fileid="1" />
                <SequencePoint vc="0" uspid="145" ordinal="6" offset="207" sl="106" sc="13" el="106" ec="34" bec="0" bev="0" fileid="1" />
                <SequencePoint vc="0" uspid="146" ordinal="7" offset="217" sl="107" sc="13" el="107" ec="14" bec="0" bev="0" fileid="1" />
                <SequencePoint vc="0" uspid="147" ordinal="8" offset="218" sl="108" sc="17" el="108" ec="46" bec="0" bev="0" fileid="1" />
                <SequencePoint vc="0" uspid="148" ordinal="9" offset="235" sl="109" sc="17" el="109" ec="31" bec="0" bev="0" fileid="1" />
              </SequencePoints>
              <BranchPoints>
                <BranchPoint vc="0" uspid="150" ordinal="0" offset="17" sl="97" path="0" offsetchain="19" offsetend="23" fileid="1" />
                <BranchPoint vc="0" uspid="151" ordinal="1" offset="17" sl="97" path="1" offsetchain="21" offsetend="35" fileid="1" />
                <BranchPoint vc="0" uspid="152" ordinal="2" offset="37" sl="100" path="0" offsetchain="39" offsetend="43" fileid="1" />
                <BranchPoint vc="0" uspid="153" ordinal="3" offset="37" sl="100" path="1" offsetchain="41" offsetend="132" fileid="1" />
              </BranchPoints>
              <MethodPoint vc="0" uspid="156" ordinal="0" offset="0" />
            </Method>
            <Method visited="false" cyclomaticComplexity="1" nPathComplexity="0" sequenceCoverage="0" branchCoverage="0" isConstructor="false" isStatic="false" isGetter="false" isSetter="false">
              <Summary numSequencePoints="0" visitedSequencePoints="0" numBranchPoints="0" visitedBranchPoints="0" sequenceCoverage="0" branchCoverage="0" maxCyclomaticComplexity="1" minCyclomaticComplexity="1" visitedClasses="0" numClasses="0" visitedMethods="0" numMethods="0" />
              <MetadataToken>100663372</MetadataToken>
              <Name>System.Void J.H_D.Askers/&lt;SimpleAskAsync&gt;d__3::SetStateMachine(System.Runtime.CompilerServices.IAsyncStateMachine)</Name>
              <SequencePoints />
              <BranchPoints />
              <MethodPoint vc="0" uspid="157" ordinal="0" offset="0" />
            </Method>
          </Methods>
        </Class>
        <Class>
          <Summary numSequencePoints="5" visitedSequencePoints="0" numBranchPoints="1" visitedBranchPoints="0" sequenceCoverage="0" branchCoverage="0" maxCyclomaticComplexity="3" minCyclomaticComplexity="1" visitedClasses="0" numClasses="1" visitedMethods="0" numMethods="1" />
          <FullName>J.H_D.Askers/&lt;AskWithCredentialsAsync&gt;d__5</FullName>
          <Methods>
            <Method visited="false" cyclomaticComplexity="1" nPathComplexity="0" sequenceCoverage="0" branchCoverage="0" isConstructor="true" isStatic="false" isGetter="false" isSetter="false">
              <Summary numSequencePoints="0" visitedSequencePoints="0" numBranchPoints="0" visitedBranchPoints="0" sequenceCoverage="0" branchCoverage="0" maxCyclomaticComplexity="1" minCyclomaticComplexity="1" visitedClasses="0" numClasses="0" visitedMethods="0" numMethods="0" />
              <MetadataToken>100663373</MetadataToken>
              <Name>System.Void J.H_D.Askers/&lt;AskWithCredentialsAsync&gt;d__5::.ctor()</Name>
              <SequencePoints />
              <BranchPoints />
              <MethodPoint vc="0" uspid="158" ordinal="0" offset="0" />
            </Method>
            <Method visited="false" cyclomaticComplexity="3" nPathComplexity="0" sequenceCoverage="0" branchCoverage="0" isConstructor="false" isStatic="false" isGetter="false" isSetter="false">
              <Summary numSequencePoints="5" visitedSequencePoints="0" numBranchPoints="1" visitedBranchPoints="0" sequenceCoverage="0" branchCoverage="0" maxCyclomaticComplexity="3" minCyclomaticComplexity="3" visitedClasses="0" numClasses="0" visitedMethods="0" numMethods="1" />
              <MetadataToken>100663374</MetadataToken>
              <Name>System.Void J.H_D.Askers/&lt;AskWithCredentialsAsync&gt;d__5::MoveNext()</Name>
              <FileRef uid="1" />
              <SequencePoints>
                <SequencePoint vc="0" uspid="159" ordinal="0" offset="17" sl="131" sc="9" el="131" ec="10" bec="0" bev="0" fileid="1" />
                <SequencePoint vc="0" uspid="160" ordinal="1" offset="18" sl="132" sc="13" el="136" ec="15" bec="0" bev="0" fileid="1" />
                <SequencePoint vc="0" uspid="161" ordinal="2" offset="65" sl="137" sc="13" el="137" ec="46" bec="0" bev="0" fileid="1" />
                <SequencePoint vc="0" uspid="162" ordinal="3" offset="87" sl="138" sc="13" el="138" ec="67" bec="0" bev="0" fileid="1" />
                <SequencePoint vc="0" uspid="163" ordinal="4" offset="215" sl="139" sc="13" el="139" ec="29" bec="0" bev="0" fileid="1" />
              </SequencePoints>
              <BranchPoints />
              <MethodPoint vc="0" uspid="167" ordinal="0" offset="0" />
            </Method>
            <Method visited="false" cyclomaticComplexity="1" nPathComplexity="0" sequenceCoverage="0" branchCoverage="0" isConstructor="false" isStatic="false" isGetter="false" isSetter="false">
              <Summary numSequencePoints="0" visitedSequencePoints="0" numBranchPoints="0" visitedBranchPoints="0" sequenceCoverage="0" branchCoverage="0" maxCyclomaticComplexity="1" minCyclomaticComplexity="1" visitedClasses="0" numClasses="0" visitedMethods="0" numMethods="0" />
              <MetadataToken>100663375</MetadataToken>
              <Name>System.Void J.H_D.Askers/&lt;AskWithCredentialsAsync&gt;d__5::SetStateMachine(System.Runtime.CompilerServices.IAsyncStateMachine)</Name>
              <SequencePoints />
              <BranchPoints />
              <MethodPoint vc="0" uspid="168" ordinal="0" offset="0" />
            </Method>
          </Methods>
        </Class>
        <Class>
          <Summary numSequencePoints="10" visitedSequencePoints="0" numBranchPoints="5" visitedBranchPoints="0" sequenceCoverage="0" branchCoverage="0" maxCyclomaticComplexity="7" minCyclomaticComplexity="1" visitedClasses="0" numClasses="1" visitedMethods="0" numMethods="1" />
          <FullName>J.H_D.Askers/&lt;DownloadRessourceAsync&gt;d__7</FullName>
          <Methods>
            <Method visited="false" cyclomaticComplexity="1" nPathComplexity="0" sequenceCoverage="0" branchCoverage="0" isConstructor="true" isStatic="false" isGetter="false" isSetter="false">
              <Summary numSequencePoints="0" visitedSequencePoints="0" numBranchPoints="0" visitedBranchPoints="0" sequenceCoverage="0" branchCoverage="0" maxCyclomaticComplexity="1" minCyclomaticComplexity="1" visitedClasses="0" numClasses="0" visitedMethods="0" numMethods="0" />
              <MetadataToken>100663376</MetadataToken>
              <Name>System.Void J.H_D.Askers/&lt;DownloadRessourceAsync&gt;d__7::.ctor()</Name>
              <SequencePoints />
              <BranchPoints />
              <MethodPoint vc="0" uspid="169" ordinal="0" offset="0" />
            </Method>
            <Method visited="false" cyclomaticComplexity="7" nPathComplexity="4" sequenceCoverage="0" branchCoverage="0" isConstructor="false" isStatic="false" isGetter="false" isSetter="false">
              <Summary numSequencePoints="10" visitedSequencePoints="0" numBranchPoints="5" visitedBranchPoints="0" sequenceCoverage="0" branchCoverage="0" maxCyclomaticComplexity="7" minCyclomaticComplexity="7" visitedClasses="0" numClasses="0" visitedMethods="0" numMethods="1" />
              <MetadataToken>100663377</MetadataToken>
              <Name>System.Void J.H_D.Askers/&lt;DownloadRessourceAsync&gt;d__7::MoveNext()</Name>
              <FileRef uid="1" />
              <SequencePoints>
                <SequencePoint vc="0" uspid="170" ordinal="0" offset="14" sl="155" sc="9" el="155" ec="10" bec="2" bev="0" fileid="1" />
                <SequencePoint vc="0" uspid="171" ordinal="1" offset="23" sl="157" sc="13" el="157" ec="14" bec="0" bev="0" fileid="1" />
                <SequencePoint vc="0" uspid="172" ordinal="2" offset="24" sl="158" sc="24" el="158" ec="54" bec="2" bev="0" fileid="1" />
                <SequencePoint vc="0" uspid="173" ordinal="3" offset="43" sl="159" sc="17" el="159" ec="18" bec="0" bev="0" fileid="1" />
                <SequencePoint vc="0" uspid="174" ordinal="4" offset="44" sl="160" sc="21" el="160" ec="63" bec="0" bev="0" fileid="1" />
                <SequencePoint vc="0" uspid="175" ordinal="5" offset="157" sl="161" sc="17" el="161" ec="18" bec="0" bev="0" fileid="1" />
                <SequencePoint vc="0" uspid="177" ordinal="7" offset="195" sl="163" sc="13" el="163" ec="31" bec="0" bev="0" fileid="1" />
                <SequencePoint vc="0" uspid="178" ordinal="8" offset="203" sl="164" sc="13" el="164" ec="14" bec="0" bev="0" fileid="1" />
                <SequencePoint vc="0" uspid="179" ordinal="9" offset="204" sl="165" sc="17" el="165" ec="46" bec="0" bev="0" fileid="1" />
                <SequencePoint vc="0" uspid="180" ordinal="10" offset="221" sl="166" sc="17" el="166" ec="24" bec="0" bev="0" fileid="1" />
              </SequencePoints>
              <BranchPoints>
                <BranchPoint vc="0" uspid="182" ordinal="0" offset="17" sl="155" path="0" offsetchain="19" offsetend="23" fileid="1" />
                <BranchPoint vc="0" uspid="183" ordinal="1" offset="17" sl="155" path="1" offsetchain="21" offsetend="35" fileid="1" />
                <BranchPoint vc="0" uspid="184" ordinal="2" offset="37" sl="158" path="0" offsetchain="39" offsetend="43" fileid="1" />
                <BranchPoint vc="0" uspid="185" ordinal="3" offset="37" sl="158" path="1" offsetchain="41" offsetend="121" fileid="1" />
              </BranchPoints>
              <MethodPoint vc="0" uspid="188" ordinal="0" offset="0" />
            </Method>
            <Method visited="false" cyclomaticComplexity="1" nPathComplexity="0" sequenceCoverage="0" branchCoverage="0" isConstructor="false" isStatic="false" isGetter="false" isSetter="false">
              <Summary numSequencePoints="0" visitedSequencePoints="0" numBranchPoints="0" visitedBranchPoints="0" sequenceCoverage="0" branchCoverage="0" maxCyclomaticComplexity="1" minCyclomaticComplexity="1" visitedClasses="0" numClasses="0" visitedMethods="0" numMethods="0" />
              <MetadataToken>100663378</MetadataToken>
              <Name>System.Void J.H_D.Askers/&lt;DownloadRessourceAsync&gt;d__7::SetStateMachine(System.Runtime.CompilerServices.IAsyncStateMachine)</Name>
              <SequencePoints />
              <BranchPoints />
              <MethodPoint vc="0" uspid="189" ordinal="0" offset="0" />
            </Method>
          </Methods>
        </Class>
        <Class>
          <Summary numSequencePoints="17" visitedSequencePoints="0" numBranchPoints="5" visitedBranchPoints="0" sequenceCoverage="0" branchCoverage="0" maxCyclomaticComplexity="9" minCyclomaticComplexity="1" visitedClasses="0" numClasses="1" visitedMethods="0" numMethods="1" />
          <FullName>J.H_D.Askers/&lt;AskRequestAsync&gt;d__9</FullName>
          <Methods>
            <Method visited="false" cyclomaticComplexity="1" nPathComplexity="0" sequenceCoverage="0" branchCoverage="0" isConstructor="true" isStatic="false" isGetter="false" isSetter="false">
              <Summary numSequencePoints="0" visitedSequencePoints="0" numBranchPoints="0" visitedBranchPoints="0" sequenceCoverage="0" branchCoverage="0" maxCyclomaticComplexity="1" minCyclomaticComplexity="1" visitedClasses="0" numClasses="0" visitedMethods="0" numMethods="0" />
              <MetadataToken>100663379</MetadataToken>
              <Name>System.Void J.H_D.Askers/&lt;AskRequestAsync&gt;d__9::.ctor()</Name>
              <SequencePoints />
              <BranchPoints />
              <MethodPoint vc="0" uspid="190" ordinal="0" offset="0" />
            </Method>
            <Method visited="false" cyclomaticComplexity="9" nPathComplexity="4" sequenceCoverage="0" branchCoverage="0" isConstructor="false" isStatic="false" isGetter="false" isSetter="false">
              <Summary numSequencePoints="17" visitedSequencePoints="0" numBranchPoints="5" visitedBranchPoints="0" sequenceCoverage="0" branchCoverage="0" maxCyclomaticComplexity="9" minCyclomaticComplexity="9" visitedClasses="0" numClasses="0" visitedMethods="0" numMethods="1" />
              <MetadataToken>100663380</MetadataToken>
              <Name>System.Void J.H_D.Askers/&lt;AskRequestAsync&gt;d__9::MoveNext()</Name>
              <FileRef uid="1" />
              <SequencePoints>
                <SequencePoint vc="0" uspid="191" ordinal="0" offset="15" sl="187" sc="9" el="187" ec="10" bec="4" bev="0" fileid="1" />
                <SequencePoint vc="0" uspid="192" ordinal="1" offset="52" sl="189" sc="13" el="189" ec="14" bec="0" bev="0" fileid="1" />
                <SequencePoint vc="0" uspid="193" ordinal="2" offset="53" sl="190" sc="17" el="190" ec="43" bec="0" bev="0" fileid="1" />
                <SequencePoint vc="0" uspid="194" ordinal="3" offset="60" sl="192" sc="17" el="192" ec="76" bec="0" bev="0" fileid="1" />
                <SequencePoint vc="0" uspid="195" ordinal="4" offset="87" sl="193" sc="17" el="193" ec="50" bec="0" bev="0" fileid="1" />
                <SequencePoint vc="0" uspid="196" ordinal="5" offset="104" sl="194" sc="17" el="194" ec="38" bec="0" bev="0" fileid="1" />
                <SequencePoint vc="0" uspid="197" ordinal="6" offset="121" sl="196" sc="17" el="196" ec="72" bec="0" bev="0" fileid="1" />
                <SequencePoint vc="0" uspid="198" ordinal="7" offset="246" sl="197" sc="17" el="197" ec="36" bec="0" bev="0" fileid="1" />
                <SequencePoint vc="0" uspid="199" ordinal="8" offset="258" sl="199" sc="17" el="199" ec="62" bec="0" bev="0" fileid="1" />
                <SequencePoint vc="0" uspid="200" ordinal="9" offset="386" sl="200" sc="17" el="200" ec="59" bec="0" bev="0" fileid="1" />
                <SequencePoint vc="0" uspid="201" ordinal="10" offset="403" sl="201" sc="17" el="201" ec="51" bec="0" bev="0" fileid="1" />
                <SequencePoint vc="0" uspid="202" ordinal="11" offset="420" sl="203" sc="17" el="203" ec="57" bec="0" bev="0" fileid="1" />
                <SequencePoint vc="0" uspid="203" ordinal="12" offset="548" sl="204" sc="17" el="204" ec="38" bec="0" bev="0" fileid="1" />
                <SequencePoint vc="0" uspid="204" ordinal="13" offset="557" sl="206" sc="13" el="206" ec="35" bec="0" bev="0" fileid="1" />
                <SequencePoint vc="0" uspid="205" ordinal="14" offset="567" sl="207" sc="13" el="207" ec="14" bec="0" bev="0" fileid="1" />
                <SequencePoint vc="0" uspid="206" ordinal="15" offset="568" sl="208" sc="17" el="208" ec="46" bec="0" bev="0" fileid="1" />
                <SequencePoint vc="0" uspid="207" ordinal="16" offset="585" sl="209" sc="17" el="209" ec="31" bec="0" bev="0" fileid="1" />
              </SequencePoints>
              <BranchPoints>
                <BranchPoint vc="0" uspid="209" ordinal="0" offset="18" sl="187" path="0" offsetchain="35" offsetend="52" fileid="1" />
                <BranchPoint vc="0" uspid="210" ordinal="1" offset="18" sl="187" path="1" offsetchain="37" offsetend="186" fileid="1" />
                <BranchPoint vc="0" uspid="211" ordinal="2" offset="18" sl="187" path="2" offsetchain="42" offsetend="325" fileid="1" />
                <BranchPoint vc="0" uspid="212" ordinal="3" offset="18" sl="187" path="3" offsetchain="47" offsetend="487" fileid="1" />
              </BranchPoints>
              <MethodPoint vc="0" uspid="219" ordinal="0" offset="0" />
            </Method>
            <Method visited="false" cyclomaticComplexity="1" nPathComplexity="0" sequenceCoverage="0" branchCoverage="0" isConstructor="false" isStatic="false" isGetter="false" isSetter="false">
              <Summary numSequencePoints="0" visitedSequencePoints="0" numBranchPoints="0" visitedBranchPoints="0" sequenceCoverage="0" branchCoverage="0" maxCyclomaticComplexity="1" minCyclomaticComplexity="1" visitedClasses="0" numClasses="0" visitedMethods="0" numMethods="0" />
              <MetadataToken>100663381</MetadataToken>
              <Name>System.Void J.H_D.Askers/&lt;AskRequestAsync&gt;d__9::SetStateMachine(System.Runtime.CompilerServices.IAsyncStateMachine)</Name>
              <SequencePoints />
              <BranchPoints />
              <MethodPoint vc="0" uspid="220" ordinal="0" offset="0" />
            </Method>
          </Methods>
        </Class>
        <Class>
          <Summary numSequencePoints="16" visitedSequencePoints="0" numBranchPoints="5" visitedBranchPoints="0" sequenceCoverage="0" branchCoverage="0" maxCyclomaticComplexity="6" minCyclomaticComplexity="1" visitedClasses="0" numClasses="1" visitedMethods="0" numMethods="1" />
          <FullName>J.H_D.Askers/&lt;DownloadRessource_fromstreamAsync&gt;d__11</FullName>
          <Methods>
            <Method visited="false" cyclomaticComplexity="1" nPathComplexity="0" sequenceCoverage="0" branchCoverage="0" isConstructor="true" isStatic="false" isGetter="false" isSetter="false">
              <Summary numSequencePoints="0" visitedSequencePoints="0" numBranchPoints="0" visitedBranchPoints="0" sequenceCoverage="0" branchCoverage="0" maxCyclomaticComplexity="1" minCyclomaticComplexity="1" visitedClasses="0" numClasses="0" visitedMethods="0" numMethods="0" />
              <MetadataToken>100663382</MetadataToken>
              <Name>System.Void J.H_D.Askers/&lt;DownloadRessource_fromstreamAsync&gt;d__11::.ctor()</Name>
              <SequencePoints />
              <BranchPoints />
              <MethodPoint vc="0" uspid="221" ordinal="0" offset="0" />
            </Method>
            <Method visited="false" cyclomaticComplexity="6" nPathComplexity="4" sequenceCoverage="0" branchCoverage="0" isConstructor="false" isStatic="false" isGetter="false" isSetter="false">
              <Summary numSequencePoints="16" visitedSequencePoints="0" numBranchPoints="5" visitedBranchPoints="0" sequenceCoverage="0" branchCoverage="0" maxCyclomaticComplexity="6" minCyclomaticComplexity="6" visitedClasses="0" numClasses="0" visitedMethods="0" numMethods="1" />
              <MetadataToken>100663383</MetadataToken>
              <Name>System.Void J.H_D.Askers/&lt;DownloadRessource_fromstreamAsync&gt;d__11::MoveNext()</Name>
              <FileRef uid="1" />
              <SequencePoints>
                <SequencePoint vc="0" uspid="222" ordinal="0" offset="15" sl="241" sc="9" el="241" ec="10" bec="0" bev="0" fileid="1" />
                <SequencePoint vc="0" uspid="223" ordinal="1" offset="16" sl="242" sc="13" el="242" ec="36" bec="4" bev="0" fileid="1" />
                <SequencePoint vc="0" uspid="224" ordinal="2" offset="47" sl="244" sc="13" el="244" ec="14" bec="0" bev="0" fileid="1" />
                <SequencePoint vc="0" uspid="225" ordinal="3" offset="48" sl="245" sc="17" el="245" ec="76" bec="0" bev="0" fileid="1" />
                <SequencePoint vc="0" uspid="226" ordinal="4" offset="75" sl="246" sc="17" el="246" ec="62" bec="0" bev="0" fileid="1" />
                <SequencePoint vc="0" uspid="227" ordinal="5" offset="200" sl="247" sc="17" el="247" ec="59" bec="0" bev="0" fileid="1" />
                <SequencePoint vc="0" uspid="228" ordinal="6" offset="217" sl="248" sc="17" el="248" ec="51" bec="0" bev="0" fileid="1" />
                <SequencePoint vc="0" uspid="229" ordinal="7" offset="234" sl="250" sc="17" el="250" ec="55" bec="0" bev="0" fileid="1" />
                <SequencePoint vc="0" uspid="230" ordinal="8" offset="245" sl="251" sc="17" el="251" ec="47" bec="0" bev="0" fileid="1" />
                <SequencePoint vc="0" uspid="231" ordinal="9" offset="352" sl="253" sc="17" el="253" ec="50" bec="0" bev="0" fileid="1" />
                <SequencePoint vc="0" uspid="232" ordinal="10" offset="369" sl="254" sc="17" el="254" ec="57" bec="0" bev="0" fileid="1" />
                <SequencePoint vc="0" uspid="233" ordinal="11" offset="387" sl="255" sc="17" el="255" ec="32" bec="0" bev="0" fileid="1" />
                <SequencePoint vc="0" uspid="234" ordinal="12" offset="399" sl="256" sc="13" el="256" ec="14" bec="0" bev="0" fileid="1" />
                <SequencePoint vc="0" uspid="235" ordinal="13" offset="444" sl="257" sc="13" el="257" ec="32" bec="0" bev="0" fileid="1" />
                <SequencePoint vc="0" uspid="236" ordinal="14" offset="454" sl="258" sc="13" el="258" ec="14" bec="0" bev="0" fileid="1" />
                <SequencePoint vc="0" uspid="237" ordinal="15" offset="455" sl="259" sc="17" el="259" ec="46" bec="0" bev="0" fileid="1" />
              </SequencePoints>
              <BranchPoints>
                <BranchPoint vc="0" uspid="240" ordinal="0" offset="30" sl="242" path="0" offsetchain="32" offsetend="34" fileid="1" />
                <BranchPoint vc="0" uspid="241" ordinal="1" offset="30" sl="242" path="1" offsetchain="40" offsetend="140" fileid="1" />
                <BranchPoint vc="0" uspid="242" ordinal="2" offset="36" sl="242" path="0" offsetchain="38" offsetend="47" fileid="1" />
                <BranchPoint vc="0" uspid="243" ordinal="3" offset="36" sl="242" path="1" offsetchain="42" offsetend="316" fileid="1" />
              </BranchPoints>
              <MethodPoint vc="0" uspid="248" ordinal="0" offset="0" />
            </Method>
            <Method visited="false" cyclomaticComplexity="1" nPathComplexity="0" sequenceCoverage="0" branchCoverage="0" isConstructor="false" isStatic="false" isGetter="false" isSetter="false">
              <Summary numSequencePoints="0" visitedSequencePoints="0" numBranchPoints="0" visitedBranchPoints="0" sequenceCoverage="0" branchCoverage="0" maxCyclomaticComplexity="1" minCyclomaticComplexity="1" visitedClasses="0" numClasses="0" visitedMethods="0" numMethods="0" />
              <MetadataToken>100663384</MetadataToken>
              <Name>System.Void J.H_D.Askers/&lt;DownloadRessource_fromstreamAsync&gt;d__11::SetStateMachine(System.Runtime.CompilerServices.IAsyncStateMachine)</Name>
              <SequencePoints />
              <BranchPoints />
              <MethodPoint vc="0" uspid="249" ordinal="0" offset="0" />
            </Method>
          </Methods>
        </Class>
        <Class>
          <Summary numSequencePoints="2" visitedSequencePoints="0" numBranchPoints="2" visitedBranchPoints="0" sequenceCoverage="0" branchCoverage="0" maxCyclomaticComplexity="1" minCyclomaticComplexity="1" visitedClasses="0" numClasses="1" visitedMethods="0" numMethods="2" />
          <FullName>J.H_D.ForumsModule</FullName>
          <Methods>
            <Method visited="false" cyclomaticComplexity="1" nPathComplexity="0" sequenceCoverage="0" branchCoverage="0" isConstructor="false" isStatic="false" isGetter="false" isSetter="false">
              <Summary numSequencePoints="0" visitedSequencePoints="0" numBranchPoints="0" visitedBranchPoints="0" sequenceCoverage="0" branchCoverage="0" maxCyclomaticComplexity="1" minCyclomaticComplexity="1" visitedClasses="0" numClasses="0" visitedMethods="0" numMethods="0" />
              <MetadataToken>100663312</MetadataToken>
              <Name>System.Threading.Tasks.Task J.H_D.ForumsModule::GiveContext(System.String[])</Name>
              <SequencePoints />
              <BranchPoints />
              <MethodPoint vc="0" uspid="250" ordinal="0" offset="0" />
            </Method>
            <Method visited="false" cyclomaticComplexity="1" nPathComplexity="0" sequenceCoverage="0" branchCoverage="0" isConstructor="false" isStatic="false" isGetter="false" isSetter="false">
              <Summary numSequencePoints="0" visitedSequencePoints="0" numBranchPoints="0" visitedBranchPoints="0" sequenceCoverage="0" branchCoverage="0" maxCyclomaticComplexity="1" minCyclomaticComplexity="1" visitedClasses="0" numClasses="0" visitedMethods="0" numMethods="0" />
              <MetadataToken>100663313</MetadataToken>
              <Name>System.Threading.Tasks.Task J.H_D.ForumsModule::Fchan_img(System.String[])</Name>
              <SequencePoints />
              <BranchPoints />
              <MethodPoint vc="0" uspid="251" ordinal="0" offset="0" />
            </Method>
            <Method visited="false" cyclomaticComplexity="1" nPathComplexity="0" sequenceCoverage="0" branchCoverage="0" isConstructor="false" isStatic="false" isGetter="false" isSetter="false">
              <Summary numSequencePoints="0" visitedSequencePoints="0" numBranchPoints="0" visitedBranchPoints="0" sequenceCoverage="0" branchCoverage="0" maxCyclomaticComplexity="1" minCyclomaticComplexity="1" visitedClasses="0" numClasses="0" visitedMethods="0" numMethods="0" />
              <MetadataToken>100663314</MetadataToken>
              <Name>System.Threading.Tasks.Task J.H_D.ForumsModule::fchan_getter(System.String,System.String,System.UInt64,System.Collections.Generic.List`1&lt;J.H_D.ForumsModule/FcThread&gt;)</Name>
              <SequencePoints />
              <BranchPoints />
              <MethodPoint vc="0" uspid="252" ordinal="0" offset="0" />
            </Method>
            <Method visited="false" cyclomaticComplexity="1" nPathComplexity="0" sequenceCoverage="0" branchCoverage="0" isConstructor="false" isStatic="false" isGetter="false" isSetter="false">
              <Summary numSequencePoints="0" visitedSequencePoints="0" numBranchPoints="0" visitedBranchPoints="0" sequenceCoverage="0" branchCoverage="0" maxCyclomaticComplexity="1" minCyclomaticComplexity="1" visitedClasses="0" numClasses="0" visitedMethods="0" numMethods="0" />
              <MetadataToken>100663315</MetadataToken>
              <Name>System.Threading.Tasks.Task`1&lt;System.String&gt; J.H_D.ForumsModule::fchan_search(System.String,System.UInt64)</Name>
              <SequencePoints />
              <BranchPoints />
              <MethodPoint vc="0" uspid="253" ordinal="0" offset="0" />
            </Method>
            <Method visited="false" cyclomaticComplexity="1" nPathComplexity="0" sequenceCoverage="0" branchCoverage="0" isConstructor="false" isStatic="false" isGetter="false" isSetter="false">
              <Summary numSequencePoints="0" visitedSequencePoints="0" numBranchPoints="0" visitedBranchPoints="0" sequenceCoverage="0" branchCoverage="0" maxCyclomaticComplexity="1" minCyclomaticComplexity="1" visitedClasses="0" numClasses="0" visitedMethods="0" numMethods="0" />
              <MetadataToken>100663316</MetadataToken>
              <Name>System.Threading.Tasks.Task`1&lt;System.String&gt; J.H_D.ForumsModule::fchan_rand(System.UInt64)</Name>
              <SequencePoints />
              <BranchPoints />
              <MethodPoint vc="0" uspid="254" ordinal="0" offset="0" />
            </Method>
            <Method visited="false" cyclomaticComplexity="1" nPathComplexity="0" sequenceCoverage="0" branchCoverage="0" isConstructor="true" isStatic="false" isGetter="false" isSetter="false">
              <Summary numSequencePoints="1" visitedSequencePoints="0" numBranchPoints="1" visitedBranchPoints="0" sequenceCoverage="0" branchCoverage="0" maxCyclomaticComplexity="1" minCyclomaticComplexity="1" visitedClasses="0" numClasses="0" visitedMethods="0" numMethods="1" />
              <MetadataToken>100663317</MetadataToken>
              <Name>System.Void J.H_D.ForumsModule::.ctor()</Name>
              <FileRef uid="7" />
              <SequencePoints>
                <SequencePoint vc="0" uspid="255" ordinal="0" offset="0" sl="42" sc="9" el="42" ec="31" bec="0" bev="0" fileid="7" />
              </SequencePoints>
              <BranchPoints />
              <MethodPoint xsi:type="SequencePoint" vc="0" uspid="255" ordinal="0" offset="0" sl="42" sc="9" el="42" ec="31" bec="0" bev="0" fileid="7" />
            </Method>
            <Method visited="false" cyclomaticComplexity="1" nPathComplexity="0" sequenceCoverage="0" branchCoverage="0" isConstructor="true" isStatic="true" isGetter="false" isSetter="false">
              <Summary numSequencePoints="1" visitedSequencePoints="0" numBranchPoints="1" visitedBranchPoints="0" sequenceCoverage="0" branchCoverage="0" maxCyclomaticComplexity="1" minCyclomaticComplexity="1" visitedClasses="0" numClasses="0" visitedMethods="0" numMethods="1" />
              <MetadataToken>100663318</MetadataToken>
              <Name>System.Void J.H_D.ForumsModule::.cctor()</Name>
              <FileRef uid="7" />
              <SequencePoints>
                <SequencePoint vc="0" uspid="256" ordinal="0" offset="0" sl="43" sc="9" el="43" ec="93" bec="0" bev="0" fileid="7" />
              </SequencePoints>
              <BranchPoints />
              <MethodPoint xsi:type="SequencePoint" vc="0" uspid="256" ordinal="0" offset="0" sl="43" sc="9" el="43" ec="93" bec="0" bev="0" fileid="7" />
            </Method>
          </Methods>
        </Class>
        <Class>
          <Summary numSequencePoints="25" visitedSequencePoints="0" numBranchPoints="16" visitedBranchPoints="0" sequenceCoverage="0" branchCoverage="0" maxCyclomaticComplexity="2" minCyclomaticComplexity="1" visitedClasses="0" numClasses="1" visitedMethods="0" numMethods="14" />
          <FullName>J.H_D.ForumsModule/FcThread</FullName>
          <Methods>
            <Method visited="false" cyclomaticComplexity="1" nPathComplexity="0" sequenceCoverage="0" branchCoverage="0" isConstructor="false" isStatic="false" isGetter="true" isSetter="false">
              <Summary numSequencePoints="1" visitedSequencePoints="0" numBranchPoints="1" visitedBranchPoints="0" sequenceCoverage="0" branchCoverage="0" maxCyclomaticComplexity="1" minCyclomaticComplexity="1" visitedClasses="0" numClasses="0" visitedMethods="0" numMethods="1" />
              <MetadataToken>100663386</MetadataToken>
              <Name>System.UInt32 J.H_D.ForumsModule/FcThread::get__trId()</Name>
              <FileRef uid="7" />
              <SequencePoints>
                <SequencePoint vc="0" uspid="257" ordinal="0" offset="0" sl="16" sc="46" el="16" ec="50" bec="0" bev="0" fileid="7" />
              </SequencePoints>
              <BranchPoints />
              <MethodPoint xsi:type="SequencePoint" vc="0" uspid="257" ordinal="0" offset="0" sl="16" sc="46" el="16" ec="50" bec="0" bev="0" fileid="7" />
            </Method>
            <Method visited="false" cyclomaticComplexity="1" nPathComplexity="0" sequenceCoverage="0" branchCoverage="0" isConstructor="false" isStatic="false" isGetter="false" isSetter="true">
              <Summary numSequencePoints="1" visitedSequencePoints="0" numBranchPoints="1" visitedBranchPoints="0" sequenceCoverage="0" branchCoverage="0" maxCyclomaticComplexity="1" minCyclomaticComplexity="1" visitedClasses="0" numClasses="0" visitedMethods="0" numMethods="1" />
              <MetadataToken>100663385</MetadataToken>
              <Name>System.Void J.H_D.ForumsModule/FcThread::set__trId(System.UInt32)</Name>
              <FileRef uid="7" />
              <SequencePoints>
                <SequencePoint vc="0" uspid="258" ordinal="0" offset="0" sl="16" sc="33" el="16" ec="45" bec="0" bev="0" fileid="7" />
              </SequencePoints>
              <BranchPoints />
              <MethodPoint xsi:type="SequencePoint" vc="0" uspid="258" ordinal="0" offset="0" sl="16" sc="33" el="16" ec="45" bec="0" bev="0" fileid="7" />
            </Method>
[...]
              </BranchPoints>
              <MethodPoint xsi:type="SequencePoint" vc="0" uspid="1890" ordinal="0" offset="0" sl="285" sc="13" el="285" ec="14" bec="0" bev="0" fileid="44" />
            </Method>
          </Methods>
        </Class>
        <Class>
          <Summary numSequencePoints="66" visitedSequencePoints="0" numBranchPoints="16" visitedBranchPoints="0" sequenceCoverage="0" branchCoverage="0" maxCyclomaticComplexity="2" minCyclomaticComplexity="1" visitedClasses="0" numClasses="1" visitedMethods="0" numMethods="8" />
          <FullName>J.H_D.UnsafeClasses/sk_image</FullName>
          <Methods>
            <Method visited="false" cyclomaticComplexity="1" nPathComplexity="0" sequenceCoverage="0" branchCoverage="0" isConstructor="false" isStatic="false" isGetter="true" isSetter="false">
              <Summary numSequencePoints="1" visitedSequencePoints="0" numBranchPoints="1" visitedBranchPoints="0" sequenceCoverage="0" branchCoverage="0" maxCyclomaticComplexity="1" minCyclomaticComplexity="1" visitedClasses="0" numClasses="0" visitedMethods="0" numMethods="1" />
              <MetadataToken>100663590</MetadataToken>
              <Name>System.String J.H_D.UnsafeClasses/sk_image::get__file_furl()</Name>
              <FileRef uid="44" />
              <SequencePoints>
                <SequencePoint vc="0" uspid="1906" ordinal="0" offset="0" sl="302" sc="53" el="302" ec="57" bec="0" bev="0" fileid="44" />
              </SequencePoints>
              <BranchPoints />
              <MethodPoint xsi:type="SequencePoint" vc="0" uspid="1906" ordinal="0" offset="0" sl="302" sc="53" el="302" ec="57" bec="0" bev="0" fileid="44" />
            </Method>
            <Method visited="false" cyclomaticComplexity="1" nPathComplexity="0" sequenceCoverage="0" branchCoverage="0" isConstructor="false" isStatic="false" isGetter="false" isSetter="true">
              <Summary numSequencePoints="1" visitedSequencePoints="0" numBranchPoints="1" visitedBranchPoints="0" sequenceCoverage="0" branchCoverage="0" maxCyclomaticComplexity="1" minCyclomaticComplexity="1" visitedClasses="0" numClasses="0" visitedMethods="0" numMethods="1" />
              <MetadataToken>100663589</MetadataToken>
              <Name>System.Void J.H_D.UnsafeClasses/sk_image::set__file_furl(System.String)</Name>
              <FileRef uid="44" />
              <SequencePoints>
                <SequencePoint vc="0" uspid="1907" ordinal="0" offset="0" sl="302" sc="40" el="302" ec="52" bec="0" bev="0" fileid="44" />
              </SequencePoints>
              <BranchPoints />
              <MethodPoint xsi:type="SequencePoint" vc="0" uspid="1907" ordinal="0" offset="0" sl="302" sc="40" el="302" ec="52" bec="0" bev="0" fileid="44" />
            </Method>
            <Method visited="false" cyclomaticComplexity="1" nPathComplexity="0" sequenceCoverage="0" branchCoverage="0" isConstructor="true" isStatic="false" isGetter="false" isSetter="false">
              <Summary numSequencePoints="3" visitedSequencePoints="0" numBranchPoints="1" visitedBranchPoints="0" sequenceCoverage="0" branchCoverage="0" maxCyclomaticComplexity="1" minCyclomaticComplexity="1" visitedClasses="0" numClasses="0" visitedMethods="0" numMethods="1" />
              <MetadataToken>100663591</MetadataToken>
              <Name>System.Void J.H_D.UnsafeClasses/sk_image::.ctor()</Name>
              <FileRef uid="44" />
              <SequencePoints>
                <SequencePoint vc="0" uspid="1908" ordinal="0" offset="0" sl="304" sc="13" el="304" ec="30" bec="0" bev="0" fileid="44" />
                <SequencePoint vc="0" uspid="1909" ordinal="1" offset="7" sl="304" sc="31" el="304" ec="32" bec="0" bev="0" fileid="44" />
                <SequencePoint vc="0" uspid="1910" ordinal="2" offset="8" sl="304" sc="33" el="304" ec="34" bec="0" bev="0" fileid="44" />
              </SequencePoints>
              <BranchPoints />
              <MethodPoint xsi:type="SequencePoint" vc="0" uspid="1908" ordinal="0" offset="0" sl="304" sc="13" el="304" ec="30" bec="0" bev="0" fileid="44" />
            </Method>
            <Method visited="false" cyclomaticComplexity="2" nPathComplexity="2" sequenceCoverage="0" branchCoverage="0" isConstructor="true" isStatic="false" isGetter="false" isSetter="false">
              <Summary numSequencePoints="14" visitedSequencePoints="0" numBranchPoints="3" visitedBranchPoints="0" sequenceCoverage="0" branchCoverage="0" maxCyclomaticComplexity="2" minCyclomaticComplexity="2" visitedClasses="0" numClasses="0" visitedMethods="0" numMethods="1" />
              <MetadataToken>100663592</MetadataToken>
              <Name>System.Void J.H_D.UnsafeClasses/sk_image::.ctor(System.String)</Name>
              <FileRef uid="44" />
              <SequencePoints>
                <SequencePoint vc="0" uspid="1911" ordinal="0" offset="0" sl="306" sc="13" el="306" ec="43" bec="0" bev="0" fileid="44" />
                <SequencePoint vc="0" uspid="1912" ordinal="1" offset="7" sl="307" sc="13" el="307" ec="14" bec="0" bev="0" fileid="44" />
                <SequencePoint vc="0" uspid="1913" ordinal="2" offset="8" sl="308" sc="17" el="308" ec="80" bec="0" bev="0" fileid="44" />
                <SequencePoint vc="0" uspid="1914" ordinal="3" offset="28" sl="309" sc="17" el="309" ec="84" bec="0" bev="0" fileid="44" />
                <SequencePoint vc="0" uspid="1915" ordinal="4" offset="48" sl="310" sc="17" el="310" ec="86" bec="0" bev="0" fileid="44" />
                <SequencePoint vc="0" uspid="1916" ordinal="5" offset="68" sl="311" sc="17" el="311" ec="77" bec="0" bev="0" fileid="44" />
                <SequencePoint vc="0" uspid="1917" ordinal="6" offset="94" sl="312" sc="17" el="312" ec="83" bec="2" bev="0" fileid="44" />
                <SequencePoint vc="0" uspid="1918" ordinal="7" offset="121" sl="313" sc="21" el="313" ec="37" bec="0" bev="0" fileid="44" />
                <SequencePoint vc="0" uspid="1919" ordinal="8" offset="131" sl="315" sc="21" el="315" ec="36" bec="0" bev="0" fileid="44" />
                <SequencePoint vc="0" uspid="1920" ordinal="9" offset="139" sl="316" sc="17" el="316" ec="74" bec="0" bev="0" fileid="44" />
                <SequencePoint vc="0" uspid="1921" ordinal="10" offset="159" sl="317" sc="17" el="317" ec="74" bec="0" bev="0" fileid="44" />
                <SequencePoint vc="0" uspid="1922" ordinal="11" offset="179" sl="318" sc="17" el="318" ec="75" bec="0" bev="0" fileid="44" />
                <SequencePoint vc="0" uspid="1923" ordinal="12" offset="199" sl="319" sc="17" el="319" ec="38" bec="0" bev="0" fileid="44" />
                <SequencePoint vc="0" uspid="1924" ordinal="13" offset="212" sl="320" sc="13" el="320" ec="14" bec="0" bev="0" fileid="44" />
              </SequencePoints>
              <BranchPoints>
                <BranchPoint vc="0" uspid="1925" ordinal="0" offset="119" sl="312" path="0" offsetend="121" fileid="44" />
                <BranchPoint vc="0" uspid="1926" ordinal="1" offset="119" sl="312" path="1" offsetend="131" fileid="44" />
              </BranchPoints>
              <MethodPoint xsi:type="SequencePoint" vc="0" uspid="1911" ordinal="0" offset="0" sl="306" sc="13" el="306" ec="43" bec="0" bev="0" fileid="44" />
            </Method>
            <Method visited="false" cyclomaticComplexity="1" nPathComplexity="0" sequenceCoverage="0" branchCoverage="0" isConstructor="false" isStatic="false" isGetter="false" isSetter="false">
              <Summary numSequencePoints="9" visitedSequencePoints="0" numBranchPoints="1" visitedBranchPoints="0" sequenceCoverage="0" branchCoverage="0" maxCyclomaticComplexity="1" minCyclomaticComplexity="1" visitedClasses="0" numClasses="0" visitedMethods="0" numMethods="1" />
              <MetadataToken>100663593</MetadataToken>
              <Name>System.Void J.H_D.UnsafeClasses/sk_image::make_name(System.String)</Name>
              <FileRef uid="44" />
              <SequencePoints>
                <SequencePoint vc="0" uspid="1927" ordinal="0" offset="0" sl="323" sc="13" el="323" ec="14" bec="0" bev="0" fileid="44" />
                <SequencePoint vc="0" uspid="1928" ordinal="1" offset="1" sl="324" sc="17" el="324" ec="51" bec="0" bev="0" fileid="44" />
                <SequencePoint vc="0" uspid="1929" ordinal="2" offset="19" sl="325" sc="17" el="325" ec="64" bec="0" bev="0" fileid="44" />
                <SequencePoint vc="0" uspid="1930" ordinal="3" offset="27" sl="326" sc="17" el="326" ec="80" bec="0" bev="0" fileid="44" />
                <SequencePoint vc="0" uspid="1931" ordinal="4" offset="51" sl="327" sc="17" el="327" ec="90" bec="0" bev="0" fileid="44" />
                <SequencePoint vc="0" uspid="1932" ordinal="5" offset="70" sl="328" sc="17" el="328" ec="53" bec="0" bev="0" fileid="44" />
                <SequencePoint vc="0" uspid="1933" ordinal="6" offset="91" sl="330" sc="17" el="330" ec="47" bec="0" bev="0" fileid="44" />
                <SequencePoint vc="0" uspid="1934" ordinal="7" offset="109" sl="331" sc="17" el="331" ec="30" bec="0" bev="0" fileid="44" />
                <SequencePoint vc="0" uspid="1935" ordinal="8" offset="118" sl="332" sc="13" el="332" ec="14" bec="0" bev="0" fileid="44" />
              </SequencePoints>
              <BranchPoints />
              <MethodPoint xsi:type="SequencePoint" vc="0" uspid="1927" ordinal="0" offset="0" sl="323" sc="13" el="323" ec="14" bec="0" bev="0" fileid="44" />
            </Method>
            <Method visited="false" cyclomaticComplexity="2" nPathComplexity="2" sequenceCoverage="0" branchCoverage="0" isConstructor="false" isStatic="false" isGetter="false" isSetter="false">
              <Summary numSequencePoints="11" visitedSequencePoints="0" numBranchPoints="3" visitedBranchPoints="0" sequenceCoverage="0" branchCoverage="0" maxCyclomaticComplexity="2" minCyclomaticComplexity="2" visitedClasses="0" numClasses="0" visitedMethods="0" numMethods="1" />
              <MetadataToken>100663594</MetadataToken>
              <Name>System.String J.H_D.UnsafeClasses/sk_image::make_tagnamelist()</Name>
              <FileRef uid="44" />
              <SequencePoints>
                <SequencePoint vc="0" uspid="1936" ordinal="0" offset="0" sl="335" sc="13" el="335" ec="14" bec="0" bev="0" fileid="44" />
                <SequencePoint vc="0" uspid="1937" ordinal="1" offset="1" sl="336" sc="17" el="336" ec="61" bec="0" bev="0" fileid="44" />
                <SequencePoint vc="0" uspid="1938" ordinal="2" offset="18" sl="337" sc="17" el="337" ec="27" bec="0" bev="0" fileid="44" />
                <SequencePoint vc="0" uspid="1939" ordinal="3" offset="22" sl="340" sc="17" el="340" ec="18" bec="0" bev="0" fileid="44" />
                <SequencePoint vc="0" uspid="1940" ordinal="4" offset="23" sl="341" sc="21" el="341" ec="56" bec="0" bev="0" fileid="44" />
                <SequencePoint vc="0" uspid="1941" ordinal="5" offset="53" sl="342" sc="17" el="342" ec="18" bec="0" bev="0" fileid="44" />
                <SequencePoint vc="0" uspid="1942" ordinal="6" offset="54" sl="339" sc="45" el="339" ec="48" bec="0" bev="0" fileid="44" />
                <SequencePoint vc="0" uspid="1943" ordinal="7" offset="58" sl="339" sc="24" el="339" ec="43" bec="2" bev="0" fileid="44" />
                <SequencePoint vc="0" uspid="1944" ordinal="8" offset="78" sl="343" sc="17" el="343" ec="46" bec="0" bev="0" fileid="44" />
                <SequencePoint vc="0" uspid="1945" ordinal="9" offset="98" sl="344" sc="17" el="344" ec="53" bec="0" bev="0" fileid="44" />
                <SequencePoint vc="0" uspid="1946" ordinal="10" offset="107" sl="345" sc="13" el="345" ec="14" bec="0" bev="0" fileid="44" />
              </SequencePoints>
              <BranchPoints>
                <BranchPoint vc="0" uspid="1947" ordinal="0" offset="76" sl="339" path="0" offsetend="78" fileid="44" />
                <BranchPoint vc="0" uspid="1948" ordinal="1" offset="76" sl="339" path="1" offsetend="22" fileid="44" />
              </BranchPoints>
              <MethodPoint xsi:type="SequencePoint" vc="0" uspid="1936" ordinal="0" offset="0" sl="335" sc="13" el="335" ec="14" bec="0" bev="0" fileid="44" />
            </Method>
            <Method visited="false" cyclomaticComplexity="2" nPathComplexity="2" sequenceCoverage="0" branchCoverage="0" isConstructor="false" isStatic="false" isGetter="false" isSetter="false">
              <Summary numSequencePoints="13" visitedSequencePoints="0" numBranchPoints="3" visitedBranchPoints="0" sequenceCoverage="0" branchCoverage="0" maxCyclomaticComplexity="2" minCyclomaticComplexity="2" visitedClasses="0" numClasses="0" visitedMethods="0" numMethods="1" />
              <MetadataToken>100663595</MetadataToken>
              <Name>System.Void J.H_D.UnsafeClasses/sk_image::make_taglist(System.String)</Name>
              <FileRef uid="44" />
              <SequencePoints>
                <SequencePoint vc="0" uspid="1949" ordinal="0" offset="0" sl="348" sc="13" el="348" ec="14" bec="0" bev="0" fileid="44" />
                <SequencePoint vc="0" uspid="1950" ordinal="1" offset="1" sl="349" sc="17" el="349" ec="50" bec="0" bev="0" fileid="44" />
                <SequencePoint vc="0" uspid="1951" ordinal="2" offset="7" sl="350" sc="17" el="350" ec="101" bec="0" bev="0" fileid="44" />
                <SequencePoint vc="0" uspid="1952" ordinal="3" offset="29" sl="352" sc="17" el="352" ec="24" bec="0" bev="0" fileid="44" />
                <SequencePoint vc="0" uspid="1953" ordinal="4" offset="30" sl="352" sc="38" el="352" ec="51" bec="0" bev="0" fileid="44" />
                <SequencePoint vc="0" uspid="1954" ordinal="5" offset="36" sl="352" sc="26" el="352" ec="34" bec="0" bev="0" fileid="44" />
                <SequencePoint vc="0" uspid="1955" ordinal="6" offset="41" sl="353" sc="17" el="353" ec="18" bec="0" bev="0" fileid="44" />
                <SequencePoint vc="0" uspid="1956" ordinal="7" offset="42" sl="354" sc="21" el="354" ec="45" bec="0" bev="0" fileid="44" />
                <SequencePoint vc="0" uspid="1957" ordinal="8" offset="51" sl="355" sc="21" el="355" ec="38" bec="0" bev="0" fileid="44" />
                <SequencePoint vc="0" uspid="1958" ordinal="9" offset="60" sl="356" sc="17" el="356" ec="18" bec="0" bev="0" fileid="44" />
                <SequencePoint vc="0" uspid="1959" ordinal="10" offset="65" sl="352" sc="35" el="352" ec="37" bec="2" bev="0" fileid="44" />
                <SequencePoint vc="0" uspid="1960" ordinal="11" offset="71" sl="357" sc="17" el="357" ec="30" bec="0" bev="0" fileid="44" />
                <SequencePoint vc="0" uspid="1961" ordinal="12" offset="79" sl="358" sc="13" el="358" ec="14" bec="0" bev="0" fileid="44" />
              </SequencePoints>
              <BranchPoints>
                <BranchPoint vc="0" uspid="1962" ordinal="0" offset="69" sl="352" path="0" offsetend="71" fileid="44" />
                <BranchPoint vc="0" uspid="1963" ordinal="1" offset="69" sl="352" path="1" offsetend="36" fileid="44" />
              </BranchPoints>
              <MethodPoint xsi:type="SequencePoint" vc="0" uspid="1949" ordinal="0" offset="0" sl="348" sc="13" el="348" ec="14" bec="0" bev="0" fileid="44" />
            </Method>
            <Method visited="false" cyclomaticComplexity="2" nPathComplexity="2" sequenceCoverage="0" branchCoverage="0" isConstructor="false" isStatic="false" isGetter="false" isSetter="false">
              <Summary numSequencePoints="14" visitedSequencePoints="0" numBranchPoints="3" visitedBranchPoints="0" sequenceCoverage="0" branchCoverage="0" maxCyclomaticComplexity="2" minCyclomaticComplexity="2" visitedClasses="0" numClasses="0" visitedMethods="0" numMethods="1" />
              <MetadataToken>100663596</MetadataToken>
              <Name>System.String J.H_D.UnsafeClasses/sk_image::ToString()</Name>
              <FileRef uid="44" />
              <SequencePoints>
                <SequencePoint vc="0" uspid="1964" ordinal="0" offset="0" sl="361" sc="13" el="361" ec="14" bec="0" bev="0" fileid="44" />
                <SequencePoint vc="0" uspid="1965" ordinal="1" offset="1" sl="362" sc="17" el="363" ec="51" bec="0" bev="0" fileid="44" />
                <SequencePoint vc="0" uspid="1966" ordinal="2" offset="182" sl="365" sc="17" el="365" ec="41" bec="0" bev="0" fileid="44" />
                <SequencePoint vc="0" uspid="1967" ordinal="3" offset="184" sl="366" sc="17" el="366" ec="24" bec="0" bev="0" fileid="44" />
                <SequencePoint vc="0" uspid="1968" ordinal="4" offset="185" sl="366" sc="35" el="366" ec="40" bec="0" bev="0" fileid="44" />
                <SequencePoint vc="0" uspid="1969" ordinal="5" offset="200" sl="366" sc="26" el="366" ec="31" bec="0" bev="0" fileid="44" />
                <SequencePoint vc="0" uspid="1970" ordinal="6" offset="209" sl="367" sc="17" el="367" ec="18" bec="0" bev="0" fileid="44" />
                <SequencePoint vc="0" uspid="1971" ordinal="7" offset="210" sl="368" sc="21" el="368" ec="98" bec="0" bev="0" fileid="44" />
                <SequencePoint vc="0" uspid="1972" ordinal="8" offset="305" sl="369" sc="21" el="369" ec="41" bec="0" bev="0" fileid="44" />
                <SequencePoint vc="0" uspid="1973" ordinal="9" offset="314" sl="370" sc="17" el="370" ec="18" bec="0" bev="0" fileid="44" />
                <SequencePoint vc="0" uspid="1974" ordinal="10" offset="315" sl="366" sc="32" el="366" ec="34" bec="2" bev="0" fileid="44" />
                <SequencePoint vc="0" uspid="1975" ordinal="11" offset="341" sl="371" sc="17" el="371" ec="65" bec="0" bev="0" fileid="44" />
                <SequencePoint vc="0" uspid="1976" ordinal="12" offset="359" sl="372" sc="17" el="372" ec="33" bec="0" bev="0" fileid="44" />
                <SequencePoint vc="0" uspid="1977" ordinal="13" offset="364" sl="373" sc="13" el="373" ec="14" bec="0" bev="0" fileid="44" />
              </SequencePoints>
              <BranchPoints>
                <BranchPoint vc="0" uspid="1978" ordinal="0" offset="322" sl="366" path="0" offsetend="324" fileid="44" />
                <BranchPoint vc="0" uspid="1979" ordinal="1" offset="322" sl="366" path="1" offsetend="200" fileid="44" />
              </BranchPoints>
              <MethodPoint xsi:type="SequencePoint" vc="0" uspid="1964" ordinal="0" offset="0" sl="361" sc="13" el="361" ec="14" bec="0" bev="0" fileid="44" />
            </Method>
          </Methods>
        </Class>
      </Classes>
    </Module>
    <Module skippedDueTo="Filter" hash="17-D5-F6-43-15-0C-B1-DD-0D-98-DE-E6-B5-26-50-5C-1F-55-F0-DA">
      <ModulePath>C:\Users\Salamort\Documents\GitHub\J.H-D\JHTests\bin\Debug\Discord.Net.Commands.dll</ModulePath>
      <ModuleTime>2018-02-10T15:32:54Z</ModuleTime>
      <ModuleName>Discord.Net.Commands</ModuleName>
      <Classes />
    </Module>
    <Module skippedDueTo="Filter" hash="8D-F4-7E-AE-00-9C-2A-11-3E-95-97-EE-A7-62-6F-C4-37-64-DB-EE">
      <ModulePath>C:\Users\Salamort\Documents\GitHub\J.H-D\JHTests\bin\Debug\Discord.Net.Core.dll</ModulePath>
      <ModuleTime>2018-02-10T15:32:44Z</ModuleTime>
      <ModuleName>Discord.Net.Core</ModuleName>
      <Classes />
    </Module>
    <Module skippedDueTo="Filter" hash="18-11-67-C1-09-85-98-9B-CF-81-11-D2-01-5D-CC-D6-B8-DD-B9-8A">
      <ModulePath>C:\Users\Salamort\Documents\GitHub\J.H-D\JHTests\bin\Debug\xunit.assert.dll</ModulePath>
      <ModuleTime>2018-05-26T17:01:10Z</ModuleTime>
      <ModuleName>xunit.assert</ModuleName>
      <Classes />
    </Module>
    <Module skippedDueTo="Filter" hash="09-61-C1-AD-F8-B2-1F-FC-E2-68-2C-0B-39-0A-BF-03-BB-AF-01-9D">
      <ModulePath>C:\WINDOWS\Microsoft.Net\assembly\GAC_MSIL\System.Reflection\v4.0_4.0.0.0__b03f5f7f11d50a3a\System.Reflection.dll</ModulePath>
      <ModuleTime>2018-04-11T23:35:16.872764Z</ModuleTime>
      <ModuleName>System.Reflection</ModuleName>
      <Classes />
    </Module>
  </Modules>
</CoverageSession>